[2025-11-11 01:30:04] [31merror[39m: ‚ùå Seeding failed: Validation error
[2025-11-11 01:39:53] [31merror[39m: ‚ùå Unhandled Rejection: Simulasi error 500 dari getAllUsers!
[2025-11-11 01:40:24] [31merror[39m: ‚ùå Unhandled Rejection: usrs is not defined
[2025-11-11 01:43:00] [31merror[39m: database cannot sync
[2025-11-11 01:52:22] [31merror[39m: ‚ùå Unhandled Rejection: Test error handling
[2025-11-11 01:52:29] [31merror[39m: ‚ùå Unhandled Rejection: Test error handling
[2025-11-11 01:53:08] [31merror[39m: ‚ùå Unhandled Rejection: Test error handling
[2025-11-11 01:53:09] [31merror[39m: ‚ùå Unhandled Rejection: Test error handling
[2025-11-11 22:51:29] [31merror[39m: ‚ö†Ô∏è [ERROR] 
[2025-11-11 22:52:19] [31merror[39m: ‚ö†Ô∏è [ERROR] 
[2025-11-11 22:52:58] [31merror[39m: ‚ö†Ô∏è [ERROR] 
[2025-11-11 22:53:29] [31merror[39m: ‚ö†Ô∏è [ERROR] 
[2025-11-11 23:31:04] [31merror[39m: [ERROR] POST /api/users - Unexpected non-whitespace character after JSON at position 185 (line 9 column 1)
[2025-11-11 23:31:04] [31merror[39m: Server error! - Unexpected non-whitespace character after JSON at position 185 (line 9 column 1), Stack: SyntaxError: Unexpected non-whitespace character after JSON at position 185 (line 9 column 1)
    at JSON.parse (<anonymous>)
    at parse (C:\Users\MyBook Hype AMD\Documents\project\sukaaksesnet\node_modules\body-parser\lib\types\json.js:92:19)
    at C:\Users\MyBook Hype AMD\Documents\project\sukaaksesnet\node_modules\body-parser\lib\read.js:128:18
    at AsyncResource.runInAsyncScope (node:async_hooks:211:14)
    at invokeCallback (C:\Users\MyBook Hype AMD\Documents\project\sukaaksesnet\node_modules\raw-body\index.js:238:16)
    at done (C:\Users\MyBook Hype AMD\Documents\project\sukaaksesnet\node_modules\raw-body\index.js:227:7)
    at IncomingMessage.onEnd (C:\Users\MyBook Hype AMD\Documents\project\sukaaksesnet\node_modules\raw-body\index.js:287:7)
    at IncomingMessage.emit (node:events:518:28)
    at endReadableNT (node:internal/streams/readable:1698:12)
    at process.processTicksAndRejections (node:internal/process/task_queues:90:21)
[2025-11-12 22:16:15] [31merror[39m: ‚ö†Ô∏è [ERROR] 
[2025-11-12 22:16:31] [31merror[39m: ‚ö†Ô∏è [ERROR] 
[2025-11-12 22:33:52] [31merror[39m: [ERROR] POST /api/register - Unexpected non-whitespace character after JSON at position 193 (line 13 column 1)
[2025-11-12 22:33:52] [31merror[39m: Server error! - Unexpected non-whitespace character after JSON at position 193 (line 13 column 1), Stack: SyntaxError: Unexpected non-whitespace character after JSON at position 193 (line 13 column 1)
    at JSON.parse (<anonymous>)
    at parse (C:\Users\MyBook Hype AMD\Documents\project\sukaaksesnet\node_modules\body-parser\lib\types\json.js:92:19)
    at C:\Users\MyBook Hype AMD\Documents\project\sukaaksesnet\node_modules\body-parser\lib\read.js:128:18
    at AsyncResource.runInAsyncScope (node:async_hooks:211:14)
    at invokeCallback (C:\Users\MyBook Hype AMD\Documents\project\sukaaksesnet\node_modules\raw-body\index.js:238:16)
    at done (C:\Users\MyBook Hype AMD\Documents\project\sukaaksesnet\node_modules\raw-body\index.js:227:7)
    at IncomingMessage.onEnd (C:\Users\MyBook Hype AMD\Documents\project\sukaaksesnet\node_modules\raw-body\index.js:287:7)
    at IncomingMessage.emit (node:events:518:28)
    at endReadableNT (node:internal/streams/readable:1698:12)
    at process.processTicksAndRejections (node:internal/process/task_queues:90:21)
[2025-11-13 13:01:39] [31merror[39m: ‚ö†Ô∏è [ERROR] database error 
[2025-11-13 13:35:39] [31merror[39m: [ERROR] POST /api/forget-password - secretOrPrivateKey must have a value
[2025-11-13 13:35:39] [31merror[39m: Server error! - secretOrPrivateKey must have a value, Stack: Error: secretOrPrivateKey must have a value
    at module.exports [as sign] (C:\Users\MyBook Hype AMD\Documents\project\sukaaksesnet\node_modules\jsonwebtoken\sign.js:111:20)
    at resetAccountMiddleware (file:///C:/Users/MyBook%20Hype%20AMD/Documents/project/sukaaksesnet/server/middleware/auth.middleware.js:29:14)
    at file:///C:/Users/MyBook%20Hype%20AMD/Documents/project/sukaaksesnet/server/app/controllers/auth.controller.js:49:28
    at file:///C:/Users/MyBook%20Hype%20AMD/Documents/project/sukaaksesnet/server/middleware/asyncHandler.middleware.js:2:19
    at Layer.handle [as handle_request] (C:\Users\MyBook Hype AMD\Documents\project\sukaaksesnet\node_modules\express\lib\router\layer.js:95:5)
    at next (C:\Users\MyBook Hype AMD\Documents\project\sukaaksesnet\node_modules\express\lib\router\route.js:149:13)
    at Route.dispatch (C:\Users\MyBook Hype AMD\Documents\project\sukaaksesnet\node_modules\express\lib\router\route.js:119:3)
    at Layer.handle [as handle_request] (C:\Users\MyBook Hype AMD\Documents\project\sukaaksesnet\node_modules\express\lib\router\layer.js:95:5)
    at C:\Users\MyBook Hype AMD\Documents\project\sukaaksesnet\node_modules\express\lib\router\index.js:284:15
    at Function.process_params (C:\Users\MyBook Hype AMD\Documents\project\sukaaksesnet\node_modules\express\lib\router\index.js:346:12)
[2025-11-13 13:38:05] [31merror[39m: [ERROR] POST /api/forget-password - secretOrPrivateKey must have a value
[2025-11-13 13:38:05] [31merror[39m: Server error! - secretOrPrivateKey must have a value, Stack: Error: secretOrPrivateKey must have a value
    at module.exports [as sign] (C:\Users\MyBook Hype AMD\Documents\project\sukaaksesnet\node_modules\jsonwebtoken\sign.js:111:20)
    at resetAccountMiddleware (file:///C:/Users/MyBook%20Hype%20AMD/Documents/project/sukaaksesnet/server/middleware/auth.middleware.js:29:14)
    at file:///C:/Users/MyBook%20Hype%20AMD/Documents/project/sukaaksesnet/server/app/controllers/auth.controller.js:49:28
    at file:///C:/Users/MyBook%20Hype%20AMD/Documents/project/sukaaksesnet/server/middleware/asyncHandler.middleware.js:2:19
    at Layer.handle [as handle_request] (C:\Users\MyBook Hype AMD\Documents\project\sukaaksesnet\node_modules\express\lib\router\layer.js:95:5)
    at next (C:\Users\MyBook Hype AMD\Documents\project\sukaaksesnet\node_modules\express\lib\router\route.js:149:13)
    at Route.dispatch (C:\Users\MyBook Hype AMD\Documents\project\sukaaksesnet\node_modules\express\lib\router\route.js:119:3)
    at Layer.handle [as handle_request] (C:\Users\MyBook Hype AMD\Documents\project\sukaaksesnet\node_modules\express\lib\router\layer.js:95:5)
    at C:\Users\MyBook Hype AMD\Documents\project\sukaaksesnet\node_modules\express\lib\router\index.js:284:15
    at Function.process_params (C:\Users\MyBook Hype AMD\Documents\project\sukaaksesnet\node_modules\express\lib\router\index.js:346:12)
[2025-11-13 13:38:07] [31merror[39m: [ERROR] POST /api/forget-password - secretOrPrivateKey must have a value
[2025-11-13 13:38:07] [31merror[39m: Server error! - secretOrPrivateKey must have a value, Stack: Error: secretOrPrivateKey must have a value
    at module.exports [as sign] (C:\Users\MyBook Hype AMD\Documents\project\sukaaksesnet\node_modules\jsonwebtoken\sign.js:111:20)
    at resetAccountMiddleware (file:///C:/Users/MyBook%20Hype%20AMD/Documents/project/sukaaksesnet/server/middleware/auth.middleware.js:29:14)
    at file:///C:/Users/MyBook%20Hype%20AMD/Documents/project/sukaaksesnet/server/app/controllers/auth.controller.js:49:28
    at file:///C:/Users/MyBook%20Hype%20AMD/Documents/project/sukaaksesnet/server/middleware/asyncHandler.middleware.js:2:19
    at Layer.handle [as handle_request] (C:\Users\MyBook Hype AMD\Documents\project\sukaaksesnet\node_modules\express\lib\router\layer.js:95:5)
    at next (C:\Users\MyBook Hype AMD\Documents\project\sukaaksesnet\node_modules\express\lib\router\route.js:149:13)
    at Route.dispatch (C:\Users\MyBook Hype AMD\Documents\project\sukaaksesnet\node_modules\express\lib\router\route.js:119:3)
    at Layer.handle [as handle_request] (C:\Users\MyBook Hype AMD\Documents\project\sukaaksesnet\node_modules\express\lib\router\layer.js:95:5)
    at C:\Users\MyBook Hype AMD\Documents\project\sukaaksesnet\node_modules\express\lib\router\index.js:284:15
    at Function.process_params (C:\Users\MyBook Hype AMD\Documents\project\sukaaksesnet\node_modules\express\lib\router\index.js:346:12)
[2025-11-13 13:38:07] [31merror[39m: [ERROR] POST /api/forget-password - secretOrPrivateKey must have a value
[2025-11-13 13:38:07] [31merror[39m: Server error! - secretOrPrivateKey must have a value, Stack: Error: secretOrPrivateKey must have a value
    at module.exports [as sign] (C:\Users\MyBook Hype AMD\Documents\project\sukaaksesnet\node_modules\jsonwebtoken\sign.js:111:20)
    at resetAccountMiddleware (file:///C:/Users/MyBook%20Hype%20AMD/Documents/project/sukaaksesnet/server/middleware/auth.middleware.js:29:14)
    at file:///C:/Users/MyBook%20Hype%20AMD/Documents/project/sukaaksesnet/server/app/controllers/auth.controller.js:49:28
    at file:///C:/Users/MyBook%20Hype%20AMD/Documents/project/sukaaksesnet/server/middleware/asyncHandler.middleware.js:2:19
    at Layer.handle [as handle_request] (C:\Users\MyBook Hype AMD\Documents\project\sukaaksesnet\node_modules\express\lib\router\layer.js:95:5)
    at next (C:\Users\MyBook Hype AMD\Documents\project\sukaaksesnet\node_modules\express\lib\router\route.js:149:13)
    at Route.dispatch (C:\Users\MyBook Hype AMD\Documents\project\sukaaksesnet\node_modules\express\lib\router\route.js:119:3)
    at Layer.handle [as handle_request] (C:\Users\MyBook Hype AMD\Documents\project\sukaaksesnet\node_modules\express\lib\router\layer.js:95:5)
    at C:\Users\MyBook Hype AMD\Documents\project\sukaaksesnet\node_modules\express\lib\router\index.js:284:15
    at Function.process_params (C:\Users\MyBook Hype AMD\Documents\project\sukaaksesnet\node_modules\express\lib\router\index.js:346:12)
[2025-11-13 13:46:54] [31merror[39m: [ERROR] POST /api/forget-password - secretOrPrivateKey must have a value
[2025-11-13 13:46:54] [31merror[39m: Server error! - secretOrPrivateKey must have a value, Stack: Error: secretOrPrivateKey must have a value
    at module.exports [as sign] (C:\Users\MyBook Hype AMD\Documents\project\sukaaksesnet\node_modules\jsonwebtoken\sign.js:111:20)
    at resetAccountMiddleware (file:///C:/Users/MyBook%20Hype%20AMD/Documents/project/sukaaksesnet/server/middleware/auth.middleware.js:29:14)
    at file:///C:/Users/MyBook%20Hype%20AMD/Documents/project/sukaaksesnet/server/app/controllers/auth.controller.js:49:28
    at file:///C:/Users/MyBook%20Hype%20AMD/Documents/project/sukaaksesnet/server/middleware/asyncHandler.middleware.js:2:19
    at Layer.handle [as handle_request] (C:\Users\MyBook Hype AMD\Documents\project\sukaaksesnet\node_modules\express\lib\router\layer.js:95:5)
    at next (C:\Users\MyBook Hype AMD\Documents\project\sukaaksesnet\node_modules\express\lib\router\route.js:149:13)
    at Route.dispatch (C:\Users\MyBook Hype AMD\Documents\project\sukaaksesnet\node_modules\express\lib\router\route.js:119:3)
    at Layer.handle [as handle_request] (C:\Users\MyBook Hype AMD\Documents\project\sukaaksesnet\node_modules\express\lib\router\layer.js:95:5)
    at C:\Users\MyBook Hype AMD\Documents\project\sukaaksesnet\node_modules\express\lib\router\index.js:284:15
    at Function.process_params (C:\Users\MyBook Hype AMD\Documents\project\sukaaksesnet\node_modules\express\lib\router\index.js:346:12)
[2025-11-13 13:47:30] [31merror[39m: [ERROR] POST /api/forget-password - Invalid login: 535-5.7.8 Username and Password not accepted. For more information, go to
535 5.7.8  https://support.google.com/mail/?p=BadCredentials d9443c01a7336-2985c244e13sm13158365ad.29 - gsmtp
[2025-11-13 13:47:30] [31merror[39m: Server error! - Invalid login: 535-5.7.8 Username and Password not accepted. For more information, go to
535 5.7.8  https://support.google.com/mail/?p=BadCredentials d9443c01a7336-2985c244e13sm13158365ad.29 - gsmtp, Stack: Error: Invalid login: 535-5.7.8 Username and Password not accepted. For more information, go to
535 5.7.8  https://support.google.com/mail/?p=BadCredentials d9443c01a7336-2985c244e13sm13158365ad.29 - gsmtp
    at SMTPConnection._formatError (C:\Users\MyBook Hype AMD\Documents\project\sukaaksesnet\node_modules\nodemailer\lib\smtp-connection\index.js:809:19)
    at SMTPConnection._actionAUTHComplete (C:\Users\MyBook Hype AMD\Documents\project\sukaaksesnet\node_modules\nodemailer\lib\smtp-connection\index.js:1595:34)
    at SMTPConnection.<anonymous> (C:\Users\MyBook Hype AMD\Documents\project\sukaaksesnet\node_modules\nodemailer\lib\smtp-connection\index.js:556:26)
    at SMTPConnection._processResponse (C:\Users\MyBook Hype AMD\Documents\project\sukaaksesnet\node_modules\nodemailer\lib\smtp-connection\index.js:993:20)
    at SMTPConnection._onData (C:\Users\MyBook Hype AMD\Documents\project\sukaaksesnet\node_modules\nodemailer\lib\smtp-connection\index.js:774:14)
    at SMTPConnection._onSocketData (C:\Users\MyBook Hype AMD\Documents\project\sukaaksesnet\node_modules\nodemailer\lib\smtp-connection\index.js:195:44)
    at TLSSocket.emit (node:events:518:28)
    at addChunk (node:internal/streams/readable:561:12)
    at readableAddChunkPushByteMode (node:internal/streams/readable:512:3)
    at Readable.push (node:internal/streams/readable:392:5)
[2025-11-13 13:48:02] [31merror[39m: [ERROR] POST /api/forget-password - Invalid login: 535-5.7.8 Username and Password not accepted. For more information, go to
535 5.7.8  https://support.google.com/mail/?p=BadCredentials d2e1a72fcca58-7b924aea005sm1133346b3a.3 - gsmtp
[2025-11-13 13:48:02] [31merror[39m: Server error! - Invalid login: 535-5.7.8 Username and Password not accepted. For more information, go to
535 5.7.8  https://support.google.com/mail/?p=BadCredentials d2e1a72fcca58-7b924aea005sm1133346b3a.3 - gsmtp, Stack: Error: Invalid login: 535-5.7.8 Username and Password not accepted. For more information, go to
535 5.7.8  https://support.google.com/mail/?p=BadCredentials d2e1a72fcca58-7b924aea005sm1133346b3a.3 - gsmtp
    at SMTPConnection._formatError (C:\Users\MyBook Hype AMD\Documents\project\sukaaksesnet\node_modules\nodemailer\lib\smtp-connection\index.js:809:19)
    at SMTPConnection._actionAUTHComplete (C:\Users\MyBook Hype AMD\Documents\project\sukaaksesnet\node_modules\nodemailer\lib\smtp-connection\index.js:1595:34)
    at SMTPConnection.<anonymous> (C:\Users\MyBook Hype AMD\Documents\project\sukaaksesnet\node_modules\nodemailer\lib\smtp-connection\index.js:556:26)
    at SMTPConnection._processResponse (C:\Users\MyBook Hype AMD\Documents\project\sukaaksesnet\node_modules\nodemailer\lib\smtp-connection\index.js:993:20)
    at SMTPConnection._onData (C:\Users\MyBook Hype AMD\Documents\project\sukaaksesnet\node_modules\nodemailer\lib\smtp-connection\index.js:774:14)
    at SMTPConnection._onSocketData (C:\Users\MyBook Hype AMD\Documents\project\sukaaksesnet\node_modules\nodemailer\lib\smtp-connection\index.js:195:44)
    at TLSSocket.emit (node:events:518:28)
    at addChunk (node:internal/streams/readable:561:12)
    at readableAddChunkPushByteMode (node:internal/streams/readable:512:3)
    at Readable.push (node:internal/streams/readable:392:5)
[2025-11-13 13:54:38] [31merror[39m: [ERROR] POST /api/forget-password - Invalid login: 535-5.7.8 Username and Password not accepted. For more information, go to
535 5.7.8  https://support.google.com/mail/?p=BadCredentials d2e1a72fcca58-7b927c230aesm1136129b3a.68 - gsmtp
[2025-11-13 13:54:38] [31merror[39m: Server error! - Invalid login: 535-5.7.8 Username and Password not accepted. For more information, go to
535 5.7.8  https://support.google.com/mail/?p=BadCredentials d2e1a72fcca58-7b927c230aesm1136129b3a.68 - gsmtp, Stack: Error: Invalid login: 535-5.7.8 Username and Password not accepted. For more information, go to
535 5.7.8  https://support.google.com/mail/?p=BadCredentials d2e1a72fcca58-7b927c230aesm1136129b3a.68 - gsmtp
    at SMTPConnection._formatError (C:\Users\MyBook Hype AMD\Documents\project\sukaaksesnet\node_modules\nodemailer\lib\smtp-connection\index.js:809:19)
    at SMTPConnection._actionAUTHComplete (C:\Users\MyBook Hype AMD\Documents\project\sukaaksesnet\node_modules\nodemailer\lib\smtp-connection\index.js:1595:34)
    at SMTPConnection.<anonymous> (C:\Users\MyBook Hype AMD\Documents\project\sukaaksesnet\node_modules\nodemailer\lib\smtp-connection\index.js:556:26)
    at SMTPConnection._processResponse (C:\Users\MyBook Hype AMD\Documents\project\sukaaksesnet\node_modules\nodemailer\lib\smtp-connection\index.js:993:20)
    at SMTPConnection._onData (C:\Users\MyBook Hype AMD\Documents\project\sukaaksesnet\node_modules\nodemailer\lib\smtp-connection\index.js:774:14)
    at SMTPConnection._onSocketData (C:\Users\MyBook Hype AMD\Documents\project\sukaaksesnet\node_modules\nodemailer\lib\smtp-connection\index.js:195:44)
    at TLSSocket.emit (node:events:518:28)
    at addChunk (node:internal/streams/readable:561:12)
    at readableAddChunkPushByteMode (node:internal/streams/readable:512:3)
    at Readable.push (node:internal/streams/readable:392:5)
[2025-11-13 13:56:02] [31merror[39m: [ERROR] POST /api/forget-password - Invalid login: 535-5.7.8 Username and Password not accepted. For more information, go to
535 5.7.8  https://support.google.com/mail/?p=BadCredentials d2e1a72fcca58-7b924aea0f8sm1173125b3a.5 - gsmtp
[2025-11-13 13:56:02] [31merror[39m: Server error! - Invalid login: 535-5.7.8 Username and Password not accepted. For more information, go to
535 5.7.8  https://support.google.com/mail/?p=BadCredentials d2e1a72fcca58-7b924aea0f8sm1173125b3a.5 - gsmtp, Stack: Error: Invalid login: 535-5.7.8 Username and Password not accepted. For more information, go to
535 5.7.8  https://support.google.com/mail/?p=BadCredentials d2e1a72fcca58-7b924aea0f8sm1173125b3a.5 - gsmtp
    at SMTPConnection._formatError (C:\Users\MyBook Hype AMD\Documents\project\sukaaksesnet\node_modules\nodemailer\lib\smtp-connection\index.js:809:19)
    at SMTPConnection._actionAUTHComplete (C:\Users\MyBook Hype AMD\Documents\project\sukaaksesnet\node_modules\nodemailer\lib\smtp-connection\index.js:1595:34)
    at SMTPConnection.<anonymous> (C:\Users\MyBook Hype AMD\Documents\project\sukaaksesnet\node_modules\nodemailer\lib\smtp-connection\index.js:556:26)
    at SMTPConnection._processResponse (C:\Users\MyBook Hype AMD\Documents\project\sukaaksesnet\node_modules\nodemailer\lib\smtp-connection\index.js:993:20)
    at SMTPConnection._onData (C:\Users\MyBook Hype AMD\Documents\project\sukaaksesnet\node_modules\nodemailer\lib\smtp-connection\index.js:774:14)
    at SMTPConnection._onSocketData (C:\Users\MyBook Hype AMD\Documents\project\sukaaksesnet\node_modules\nodemailer\lib\smtp-connection\index.js:195:44)
    at TLSSocket.emit (node:events:518:28)
    at addChunk (node:internal/streams/readable:561:12)
    at readableAddChunkPushByteMode (node:internal/streams/readable:512:3)
    at Readable.push (node:internal/streams/readable:392:5)
[2025-11-13 13:56:07] [31merror[39m: [ERROR] POST /api/forget-password - Invalid login: 535-5.7.8 Username and Password not accepted. For more information, go to
535 5.7.8  https://support.google.com/mail/?p=BadCredentials d9443c01a7336-2985c242003sm13505785ad.24 - gsmtp
[2025-11-13 13:56:07] [31merror[39m: Server error! - Invalid login: 535-5.7.8 Username and Password not accepted. For more information, go to
535 5.7.8  https://support.google.com/mail/?p=BadCredentials d9443c01a7336-2985c242003sm13505785ad.24 - gsmtp, Stack: Error: Invalid login: 535-5.7.8 Username and Password not accepted. For more information, go to
535 5.7.8  https://support.google.com/mail/?p=BadCredentials d9443c01a7336-2985c242003sm13505785ad.24 - gsmtp
    at SMTPConnection._formatError (C:\Users\MyBook Hype AMD\Documents\project\sukaaksesnet\node_modules\nodemailer\lib\smtp-connection\index.js:809:19)
    at SMTPConnection._actionAUTHComplete (C:\Users\MyBook Hype AMD\Documents\project\sukaaksesnet\node_modules\nodemailer\lib\smtp-connection\index.js:1595:34)
    at SMTPConnection.<anonymous> (C:\Users\MyBook Hype AMD\Documents\project\sukaaksesnet\node_modules\nodemailer\lib\smtp-connection\index.js:556:26)
    at SMTPConnection._processResponse (C:\Users\MyBook Hype AMD\Documents\project\sukaaksesnet\node_modules\nodemailer\lib\smtp-connection\index.js:993:20)
    at SMTPConnection._onData (C:\Users\MyBook Hype AMD\Documents\project\sukaaksesnet\node_modules\nodemailer\lib\smtp-connection\index.js:774:14)
    at SMTPConnection._onSocketData (C:\Users\MyBook Hype AMD\Documents\project\sukaaksesnet\node_modules\nodemailer\lib\smtp-connection\index.js:195:44)
    at TLSSocket.emit (node:events:518:28)
    at addChunk (node:internal/streams/readable:561:12)
    at readableAddChunkPushByteMode (node:internal/streams/readable:512:3)
    at Readable.push (node:internal/streams/readable:392:5)
[2025-11-13 13:56:58] [31merror[39m: [ERROR] POST /api/forget-password - Invalid login: 535-5.7.8 Username and Password not accepted. For more information, go to
535 5.7.8  https://support.google.com/mail/?p=BadCredentials 98e67ed59e1d1-343ed4c9440sm1308485a91.7 - gsmtp
[2025-11-13 13:56:59] [31merror[39m: Server error! - Invalid login: 535-5.7.8 Username and Password not accepted. For more information, go to
535 5.7.8  https://support.google.com/mail/?p=BadCredentials 98e67ed59e1d1-343ed4c9440sm1308485a91.7 - gsmtp, Stack: Error: Invalid login: 535-5.7.8 Username and Password not accepted. For more information, go to
535 5.7.8  https://support.google.com/mail/?p=BadCredentials 98e67ed59e1d1-343ed4c9440sm1308485a91.7 - gsmtp
    at SMTPConnection._formatError (C:\Users\MyBook Hype AMD\Documents\project\sukaaksesnet\node_modules\nodemailer\lib\smtp-connection\index.js:809:19)
    at SMTPConnection._actionAUTHComplete (C:\Users\MyBook Hype AMD\Documents\project\sukaaksesnet\node_modules\nodemailer\lib\smtp-connection\index.js:1595:34)
    at SMTPConnection.<anonymous> (C:\Users\MyBook Hype AMD\Documents\project\sukaaksesnet\node_modules\nodemailer\lib\smtp-connection\index.js:556:26)
    at SMTPConnection._processResponse (C:\Users\MyBook Hype AMD\Documents\project\sukaaksesnet\node_modules\nodemailer\lib\smtp-connection\index.js:993:20)
    at SMTPConnection._onData (C:\Users\MyBook Hype AMD\Documents\project\sukaaksesnet\node_modules\nodemailer\lib\smtp-connection\index.js:774:14)
    at SMTPConnection._onSocketData (C:\Users\MyBook Hype AMD\Documents\project\sukaaksesnet\node_modules\nodemailer\lib\smtp-connection\index.js:195:44)
    at TLSSocket.emit (node:events:518:28)
    at addChunk (node:internal/streams/readable:561:12)
    at readableAddChunkPushByteMode (node:internal/streams/readable:512:3)
    at Readable.push (node:internal/streams/readable:392:5)
[2025-11-13 13:57:31] [31merror[39m: [ERROR] POST /api/forget-password - Invalid login: 535-5.7.8 Username and Password not accepted. For more information, go to
535 5.7.8  https://support.google.com/mail/?p=BadCredentials d2e1a72fcca58-7b9250cda04sm1150259b3a.19 - gsmtp
[2025-11-13 13:57:31] [31merror[39m: Server error! - Invalid login: 535-5.7.8 Username and Password not accepted. For more information, go to
535 5.7.8  https://support.google.com/mail/?p=BadCredentials d2e1a72fcca58-7b9250cda04sm1150259b3a.19 - gsmtp, Stack: Error: Invalid login: 535-5.7.8 Username and Password not accepted. For more information, go to
535 5.7.8  https://support.google.com/mail/?p=BadCredentials d2e1a72fcca58-7b9250cda04sm1150259b3a.19 - gsmtp
    at SMTPConnection._formatError (C:\Users\MyBook Hype AMD\Documents\project\sukaaksesnet\node_modules\nodemailer\lib\smtp-connection\index.js:809:19)
    at SMTPConnection._actionAUTHComplete (C:\Users\MyBook Hype AMD\Documents\project\sukaaksesnet\node_modules\nodemailer\lib\smtp-connection\index.js:1595:34)
    at SMTPConnection.<anonymous> (C:\Users\MyBook Hype AMD\Documents\project\sukaaksesnet\node_modules\nodemailer\lib\smtp-connection\index.js:556:26)
    at SMTPConnection._processResponse (C:\Users\MyBook Hype AMD\Documents\project\sukaaksesnet\node_modules\nodemailer\lib\smtp-connection\index.js:993:20)
    at SMTPConnection._onData (C:\Users\MyBook Hype AMD\Documents\project\sukaaksesnet\node_modules\nodemailer\lib\smtp-connection\index.js:774:14)
    at SMTPConnection._onSocketData (C:\Users\MyBook Hype AMD\Documents\project\sukaaksesnet\node_modules\nodemailer\lib\smtp-connection\index.js:195:44)
    at TLSSocket.emit (node:events:518:28)
    at addChunk (node:internal/streams/readable:561:12)
    at readableAddChunkPushByteMode (node:internal/streams/readable:512:3)
    at Readable.push (node:internal/streams/readable:392:5)
[2025-11-13 14:00:19] [31merror[39m: [ERROR] POST /api/forget-password - Cannot read properties of undefined (reading 'status')
[2025-11-13 14:00:19] [31merror[39m: Server error! - Cannot read properties of undefined (reading 'status'), Stack: TypeError: Cannot read properties of undefined (reading 'status')
    at ResponseHandler.successReset (file:///C:/Users/MyBook%20Hype%20AMD/Documents/project/sukaaksesnet/server/utils/response.js:37:14)
    at sendEmail (file:///C:/Users/MyBook%20Hype%20AMD/Documents/project/sukaaksesnet/server/utils/nodemailer.js:25:27)
    at process.processTicksAndRejections (node:internal/process/task_queues:105:5)
[2025-11-13 14:05:15] [31merror[39m: [ERROR] POST /api/forget-password - res is not defined
[2025-11-13 14:05:15] [31merror[39m: Server error! - res is not defined, Stack: ReferenceError: res is not defined
    at sendEmail (file:///C:/Users/MyBook%20Hype%20AMD/Documents/project/sukaaksesnet/server/utils/nodemailer.js:23:25)
    at process.processTicksAndRejections (node:internal/process/task_queues:105:5)
[2025-11-13 14:05:17] [31merror[39m: [ERROR] POST /api/forget-password - res is not defined
[2025-11-13 14:05:17] [31merror[39m: Server error! - res is not defined, Stack: ReferenceError: res is not defined
    at sendEmail (file:///C:/Users/MyBook%20Hype%20AMD/Documents/project/sukaaksesnet/server/utils/nodemailer.js:23:25)
    at process.processTicksAndRejections (node:internal/process/task_queues:105:5)
[2025-11-13 14:30:43] [31merror[39m: [ERROR] POST /api/logout - Cannot read properties of undefined (reading 'refreshToken')
[2025-11-13 14:30:43] [31merror[39m: Server error! - Cannot read properties of undefined (reading 'refreshToken'), Stack: TypeError: Cannot read properties of undefined (reading 'refreshToken')
    at deleteCookie (file:///C:/Users/MyBook%20Hype%20AMD/Documents/project/sukaaksesnet/server/middleware/auth.middleware.js:33:39)
    at file:///C:/Users/MyBook%20Hype%20AMD/Documents/project/sukaaksesnet/server/app/controllers/auth.controller.js:40:9
    at file:///C:/Users/MyBook%20Hype%20AMD/Documents/project/sukaaksesnet/server/middleware/asyncHandler.middleware.js:2:19
    at Layer.handle [as handle_request] (C:\Users\MyBook Hype AMD\Documents\project\sukaaksesnet\node_modules\express\lib\router\layer.js:95:5)
    at next (C:\Users\MyBook Hype AMD\Documents\project\sukaaksesnet\node_modules\express\lib\router\route.js:149:13)
    at Route.dispatch (C:\Users\MyBook Hype AMD\Documents\project\sukaaksesnet\node_modules\express\lib\router\route.js:119:3)
    at Layer.handle [as handle_request] (C:\Users\MyBook Hype AMD\Documents\project\sukaaksesnet\node_modules\express\lib\router\layer.js:95:5)
    at C:\Users\MyBook Hype AMD\Documents\project\sukaaksesnet\node_modules\express\lib\router\index.js:284:15
    at Function.process_params (C:\Users\MyBook Hype AMD\Documents\project\sukaaksesnet\node_modules\express\lib\router\index.js:346:12)
    at next (C:\Users\MyBook Hype AMD\Documents\project\sukaaksesnet\node_modules\express\lib\router\index.js:280:10)
[2025-11-13 14:36:26] [31merror[39m: [ERROR] POST /api/logout - Cannot read properties of undefined (reading 'refreshToken')
[2025-11-13 14:36:26] [31merror[39m: Server error! - Cannot read properties of undefined (reading 'refreshToken'), Stack: TypeError: Cannot read properties of undefined (reading 'refreshToken')
    at deleteCookie (file:///C:/Users/MyBook%20Hype%20AMD/Documents/project/sukaaksesnet/server/middleware/auth.middleware.js:33:39)
    at file:///C:/Users/MyBook%20Hype%20AMD/Documents/project/sukaaksesnet/server/app/controllers/auth.controller.js:40:9
    at file:///C:/Users/MyBook%20Hype%20AMD/Documents/project/sukaaksesnet/server/middleware/asyncHandler.middleware.js:2:19
    at Layer.handle [as handle_request] (C:\Users\MyBook Hype AMD\Documents\project\sukaaksesnet\node_modules\express\lib\router\layer.js:95:5)
    at next (C:\Users\MyBook Hype AMD\Documents\project\sukaaksesnet\node_modules\express\lib\router\route.js:149:13)
    at Route.dispatch (C:\Users\MyBook Hype AMD\Documents\project\sukaaksesnet\node_modules\express\lib\router\route.js:119:3)
    at Layer.handle [as handle_request] (C:\Users\MyBook Hype AMD\Documents\project\sukaaksesnet\node_modules\express\lib\router\layer.js:95:5)
    at C:\Users\MyBook Hype AMD\Documents\project\sukaaksesnet\node_modules\express\lib\router\index.js:284:15
    at Function.process_params (C:\Users\MyBook Hype AMD\Documents\project\sukaaksesnet\node_modules\express\lib\router\index.js:346:12)
    at next (C:\Users\MyBook Hype AMD\Documents\project\sukaaksesnet\node_modules\express\lib\router\index.js:280:10)
[2025-11-13 14:51:20] [31merror[39m: [ERROR] POST /api/login - ENV is not defined
[2025-11-13 14:51:20] [31merror[39m: Server error! - ENV is not defined, Stack: ReferenceError: ENV is not defined
    at jwtSign (file:///C:/Users/MyBook%20Hype%20AMD/Documents/project/sukaaksesnet/server/utils/auth.js:1:46)
    at file:///C:/Users/MyBook%20Hype%20AMD/Documents/project/sukaaksesnet/server/app/controllers/auth.controller.js:24:19
[2025-11-13 14:55:08] [31merror[39m: [ERROR] POST /api/forget-password - jwt is not defined
[2025-11-13 14:55:08] [31merror[39m: Server error! - jwt is not defined, Stack: ReferenceError: jwt is not defined
    at resetAccountMiddleware (file:///C:/Users/MyBook%20Hype%20AMD/Documents/project/sukaaksesnet/server/utils/auth.js:12:3)
    at file:///C:/Users/MyBook%20Hype%20AMD/Documents/project/sukaaksesnet/server/app/controllers/auth.controller.js:44:28
    at file:///C:/Users/MyBook%20Hype%20AMD/Documents/project/sukaaksesnet/server/middleware/asyncHandler.middleware.js:2:19
    at Layer.handle [as handle_request] (C:\Users\MyBook Hype AMD\Documents\project\sukaaksesnet\node_modules\express\lib\router\layer.js:95:5)
    at next (C:\Users\MyBook Hype AMD\Documents\project\sukaaksesnet\node_modules\express\lib\router\route.js:149:13)
    at Route.dispatch (C:\Users\MyBook Hype AMD\Documents\project\sukaaksesnet\node_modules\express\lib\router\route.js:119:3)
    at Layer.handle [as handle_request] (C:\Users\MyBook Hype AMD\Documents\project\sukaaksesnet\node_modules\express\lib\router\layer.js:95:5)
    at C:\Users\MyBook Hype AMD\Documents\project\sukaaksesnet\node_modules\express\lib\router\index.js:284:15
    at Function.process_params (C:\Users\MyBook Hype AMD\Documents\project\sukaaksesnet\node_modules\express\lib\router\index.js:346:12)
    at next (C:\Users\MyBook Hype AMD\Documents\project\sukaaksesnet\node_modules\express\lib\router\index.js:280:10)
[2025-11-13 15:05:45] [31merror[39m: [ERROR] POST /api/login - Cannot read properties of null (reading 'password')
[2025-11-13 15:05:45] [31merror[39m: Server error! - Cannot read properties of null (reading 'password'), Stack: TypeError: Cannot read properties of null (reading 'password')
    at file:///C:/Users/MyBook%20Hype%20AMD/Documents/project/sukaaksesnet/server/app/controllers/auth.controller.js:17:67
    at process.processTicksAndRejections (node:internal/process/task_queues:105:5)
[2025-11-13 15:05:49] [31merror[39m: [ERROR] POST /api/login - Cannot read properties of null (reading 'password')
[2025-11-13 15:05:49] [31merror[39m: Server error! - Cannot read properties of null (reading 'password'), Stack: TypeError: Cannot read properties of null (reading 'password')
    at file:///C:/Users/MyBook%20Hype%20AMD/Documents/project/sukaaksesnet/server/app/controllers/auth.controller.js:17:67
    at process.processTicksAndRejections (node:internal/process/task_queues:105:5)
[2025-11-13 15:06:30] [31merror[39m: [ERROR] POST /api/login - Cannot read properties of null (reading 'password')
[2025-11-13 15:06:30] [31merror[39m: Server error! - Cannot read properties of null (reading 'password'), Stack: TypeError: Cannot read properties of null (reading 'password')
    at file:///C:/Users/MyBook%20Hype%20AMD/Documents/project/sukaaksesnet/server/app/controllers/auth.controller.js:17:67
    at process.processTicksAndRejections (node:internal/process/task_queues:105:5)
[2025-11-13 20:42:21] [31merror[39m: ‚ö†Ô∏è [ERROR] database error 
[2025-11-13 21:01:03] [31merror[39m: ‚ö†Ô∏è [ERROR] database error 
[2025-11-22 20:30:14] [31merror[39m: ‚ùå Unhandled Rejection: data and hash must be strings
[2025-11-22 20:30:27] [31merror[39m: ‚ùå Unhandled Rejection: data and hash must be strings
[2025-11-22 20:33:34] [31merror[39m: [ERROR] POST /api/payment - Joi.email is not a function
[2025-11-22 20:33:34] [31merror[39m: Server error! - Joi.email is not a function, Stack: TypeError: Joi.email is not a function
    at validatePayment (file:///C:/Users/MyBook%20Hype%20AMD/Documents/project/sukaaksesnet/server/middleware/validate.middleware.js:10:24)
    at Layer.handle [as handle_request] (C:\Users\MyBook Hype AMD\Documents\project\sukaaksesnet\node_modules\express\lib\router\layer.js:95:5)
    at next (C:\Users\MyBook Hype AMD\Documents\project\sukaaksesnet\node_modules\express\lib\router\route.js:149:13)
    at Route.dispatch (C:\Users\MyBook Hype AMD\Documents\project\sukaaksesnet\node_modules\express\lib\router\route.js:119:3)
    at Layer.handle [as handle_request] (C:\Users\MyBook Hype AMD\Documents\project\sukaaksesnet\node_modules\express\lib\router\layer.js:95:5)
    at C:\Users\MyBook Hype AMD\Documents\project\sukaaksesnet\node_modules\express\lib\router\index.js:284:15
    at Function.process_params (C:\Users\MyBook Hype AMD\Documents\project\sukaaksesnet\node_modules\express\lib\router\index.js:346:12)
    at next (C:\Users\MyBook Hype AMD\Documents\project\sukaaksesnet\node_modules\express\lib\router\index.js:280:10)
    at Function.handle (C:\Users\MyBook Hype AMD\Documents\project\sukaaksesnet\node_modules\express\lib\router\index.js:175:3)
    at router (C:\Users\MyBook Hype AMD\Documents\project\sukaaksesnet\node_modules\express\lib\router\index.js:47:12)
[2025-11-22 20:34:08] [31merror[39m: DUITKU ERROR: Invalid URL
[2025-11-22 20:34:08] [31merror[39m: [ERROR] POST /api/payment - res is not defined
[2025-11-22 20:34:08] [31merror[39m: Server error! - res is not defined, Stack: ReferenceError: res is not defined
    at PaymentServices.postPaymentServices (file:///C:/Users/MyBook%20Hype%20AMD/Documents/project/sukaaksesnet/server/app/services/payment.service.js:62:33)
    at process.processTicksAndRejections (node:internal/process/task_queues:105:5)
    at async file:///C:/Users/MyBook%20Hype%20AMD/Documents/project/sukaaksesnet/server/app/controllers/payment.controller.js:13:24
[2025-11-22 20:34:43] [31merror[39m: DUITKU ERROR: Invalid URL
[2025-11-22 20:34:48] [31merror[39m: DUITKU ERROR: Invalid URL
[2025-11-22 20:36:44] [31merror[39m: DUITKU ERROR: Invalid URL
[2025-11-22 20:39:14] [31merror[39m: DUITKU ERROR: Invalid URL
[2025-11-22 20:39:15] [31merror[39m: DUITKU ERROR: Invalid URL
[2025-11-22 20:43:24] [31merror[39m: DUITKU ERROR: Invalid URL
[2025-11-22 20:43:40] [31merror[39m: DUITKU ERROR: Invalid URL
[2025-11-22 20:44:13] [31merror[39m: DUITKU ERROR: Invalid URL
[2025-11-22 20:44:56] [31merror[39m: DUITKU ERROR: Invalid URL
[2025-11-22 20:46:34] [31merror[39m: DUITKU ERROR: Request failed with status code 401
[2025-11-22 20:46:34] [31merror[39m: DUITKU ERROR: Request failed with status code 401
[2025-11-22 20:46:34] [31merror[39m: DUITKU ERROR: Request failed with status code 401
[2025-11-22 20:46:40] [31merror[39m: DUITKU ERROR: Request failed with status code 401
[2025-11-22 20:47:37] [31merror[39m: DUITKU ERROR: Request failed with status code 401
[2025-11-22 20:49:01] [31merror[39m: DUITKU ERROR: Request failed with status code 401
[2025-11-22 20:50:49] [31merror[39m: DUITKU ERROR: Request failed with status code 401
[2025-11-22 20:53:19] [31merror[39m: DUITKU ERROR: Request failed with status code 401
[2025-11-22 20:54:39] [31merror[39m: DUITKU ERROR: Request failed with status code 401
[2025-11-22 20:55:11] [31merror[39m: DUITKU ERROR: Request failed with status code 401
[2025-11-22 20:56:25] [31merror[39m: DUITKU ERROR: Request failed with status code 401
[2025-11-22 20:59:16] [31merror[39m: DUITKU ERROR: Request failed with status code 401
[2025-11-22 20:59:49] [31merror[39m: DUITKU ERROR: Request failed with status code 401
[2025-11-22 21:00:38] [31merror[39m: DUITKU ERROR: Request failed with status code 401
[2025-11-22 21:02:31] [31merror[39m: DUITKU ERROR: Request failed with status code 401
[2025-11-22 21:03:17] [31merror[39m: DUITKU ERROR: Request failed with status code 401
[2025-11-22 21:06:32] [31merror[39m: DUITKU ERROR: getaddrinfo ENOTFOUND api-sandbox.duitku.com
[2025-11-22 21:06:32] [31merror[39m: [ERROR] POST /api/payment - getaddrinfo ENOTFOUND api-sandbox.duitku.com
[2025-11-22 21:06:32] [31merror[39m: Server error! - getaddrinfo ENOTFOUND api-sandbox.duitku.com, Stack: Error: getaddrinfo ENOTFOUND api-sandbox.duitku.com
    at AxiosError.from (file:///C:/Users/MyBook%20Hype%20AMD/Documents/project/sukaaksesnet/node_modules/axios/lib/core/AxiosError.js:96:14)
    at RedirectableRequest.handleRequestError (file:///C:/Users/MyBook%20Hype%20AMD/Documents/project/sukaaksesnet/node_modules/axios/lib/adapters/http.js:817:25)
    at RedirectableRequest.emit (node:events:530:35)
    at eventHandlers.<computed> (C:\Users\MyBook Hype AMD\Documents\project\sukaaksesnet\node_modules\follow-redirects\index.js:49:24)
    at ClientRequest.emit (node:events:518:28)
    at emitErrorEvent (node:_http_client:104:11)
    at TLSSocket.socketErrorListener (node:_http_client:518:5)
    at TLSSocket.emit (node:events:518:28)
    at emitErrorNT (node:internal/streams/destroy:170:8)
    at emitErrorCloseNT (node:internal/streams/destroy:129:3)
    at Axios.request (file:///C:/Users/MyBook%20Hype%20AMD/Documents/project/sukaaksesnet/node_modules/axios/lib/core/Axios.js:45:41)
    at process.processTicksAndRejections (node:internal/process/task_queues:105:5)
    at async PaymentServices.postPaymentServices (file:///C:/Users/MyBook%20Hype%20AMD/Documents/project/sukaaksesnet/server/app/services/payment.service.js:38:30)
    at async file:///C:/Users/MyBook%20Hype%20AMD/Documents/project/sukaaksesnet/server/app/controllers/payment.controller.js:13:24
[2025-11-22 21:07:01] [31merror[39m: DUITKU ERROR: getaddrinfo ENOTFOUND api-sandbox.duitku.com
[2025-11-22 21:07:01] [31merror[39m: [ERROR] POST /api/payment - getaddrinfo ENOTFOUND api-sandbox.duitku.com
[2025-11-22 21:07:01] [31merror[39m: Server error! - getaddrinfo ENOTFOUND api-sandbox.duitku.com, Stack: Error: getaddrinfo ENOTFOUND api-sandbox.duitku.com
    at AxiosError.from (file:///C:/Users/MyBook%20Hype%20AMD/Documents/project/sukaaksesnet/node_modules/axios/lib/core/AxiosError.js:96:14)
    at RedirectableRequest.handleRequestError (file:///C:/Users/MyBook%20Hype%20AMD/Documents/project/sukaaksesnet/node_modules/axios/lib/adapters/http.js:817:25)
    at RedirectableRequest.emit (node:events:530:35)
    at eventHandlers.<computed> (C:\Users\MyBook Hype AMD\Documents\project\sukaaksesnet\node_modules\follow-redirects\index.js:49:24)
    at ClientRequest.emit (node:events:518:28)
    at emitErrorEvent (node:_http_client:104:11)
    at TLSSocket.socketErrorListener (node:_http_client:518:5)
    at TLSSocket.emit (node:events:518:28)
    at emitErrorNT (node:internal/streams/destroy:170:8)
    at emitErrorCloseNT (node:internal/streams/destroy:129:3)
    at Axios.request (file:///C:/Users/MyBook%20Hype%20AMD/Documents/project/sukaaksesnet/node_modules/axios/lib/core/Axios.js:45:41)
    at process.processTicksAndRejections (node:internal/process/task_queues:105:5)
    at async PaymentServices.postPaymentServices (file:///C:/Users/MyBook%20Hype%20AMD/Documents/project/sukaaksesnet/server/app/services/payment.service.js:48:30)
    at async file:///C:/Users/MyBook%20Hype%20AMD/Documents/project/sukaaksesnet/server/app/controllers/payment.controller.js:13:24
[2025-11-22 21:38:36] [31merror[39m: DUITKU ERROR: timeout of 10000ms exceeded
[2025-11-22 21:38:36] [31merror[39m: [ERROR] POST /api/payment - timeout of 10000ms exceeded
[2025-11-22 21:38:36] [31merror[39m: Server error! - timeout of 10000ms exceeded, Stack: AxiosError: timeout of 10000ms exceeded
    at RedirectableRequest.handleRequestTimeout (file:///C:/Users/MyBook%20Hype%20AMD/Documents/project/sukaaksesnet/node_modules/axios/lib/adapters/http.js:854:15)
    at RedirectableRequest.emit (node:events:518:28)
    at Timeout._onTimeout (C:\Users\MyBook Hype AMD\Documents\project\sukaaksesnet\node_modules\follow-redirects\index.js:221:12)
    at listOnTimeout (node:internal/timers:594:17)
    at process.processTimers (node:internal/timers:529:7)
    at Axios.request (file:///C:/Users/MyBook%20Hype%20AMD/Documents/project/sukaaksesnet/node_modules/axios/lib/core/Axios.js:45:41)
    at process.processTicksAndRejections (node:internal/process/task_queues:105:5)
    at async PaymentServices.postPaymentServices (file:///C:/Users/MyBook%20Hype%20AMD/Documents/project/sukaaksesnet/server/app/services/payment.service.js:40:30)
    at async file:///C:/Users/MyBook%20Hype%20AMD/Documents/project/sukaaksesnet/server/app/controllers/payment.controller.js:13:24
[2025-11-22 21:38:42] [31merror[39m: DUITKU ERROR: timeout of 10000ms exceeded
[2025-11-22 21:38:42] [31merror[39m: [ERROR] POST /api/payment - timeout of 10000ms exceeded
[2025-11-22 21:38:42] [31merror[39m: Server error! - timeout of 10000ms exceeded, Stack: AxiosError: timeout of 10000ms exceeded
    at RedirectableRequest.handleRequestTimeout (file:///C:/Users/MyBook%20Hype%20AMD/Documents/project/sukaaksesnet/node_modules/axios/lib/adapters/http.js:854:15)
    at RedirectableRequest.emit (node:events:518:28)
    at Timeout._onTimeout (C:\Users\MyBook Hype AMD\Documents\project\sukaaksesnet\node_modules\follow-redirects\index.js:221:12)
    at listOnTimeout (node:internal/timers:594:17)
    at process.processTimers (node:internal/timers:529:7)
    at Axios.request (file:///C:/Users/MyBook%20Hype%20AMD/Documents/project/sukaaksesnet/node_modules/axios/lib/core/Axios.js:45:41)
    at process.processTicksAndRejections (node:internal/process/task_queues:105:5)
    at async PaymentServices.postPaymentServices (file:///C:/Users/MyBook%20Hype%20AMD/Documents/project/sukaaksesnet/server/app/services/payment.service.js:40:30)
    at async file:///C:/Users/MyBook%20Hype%20AMD/Documents/project/sukaaksesnet/server/app/controllers/payment.controller.js:13:24
[2025-11-22 21:38:55] [31merror[39m: DUITKU ERROR: timeout of 10000ms exceeded
[2025-11-22 21:38:55] [31merror[39m: [ERROR] POST /api/payment - timeout of 10000ms exceeded
[2025-11-22 21:38:55] [31merror[39m: Server error! - timeout of 10000ms exceeded, Stack: AxiosError: timeout of 10000ms exceeded
    at RedirectableRequest.handleRequestTimeout (file:///C:/Users/MyBook%20Hype%20AMD/Documents/project/sukaaksesnet/node_modules/axios/lib/adapters/http.js:854:15)
    at RedirectableRequest.emit (node:events:518:28)
    at Timeout._onTimeout (C:\Users\MyBook Hype AMD\Documents\project\sukaaksesnet\node_modules\follow-redirects\index.js:221:12)
    at listOnTimeout (node:internal/timers:594:17)
    at process.processTimers (node:internal/timers:529:7)
    at Axios.request (file:///C:/Users/MyBook%20Hype%20AMD/Documents/project/sukaaksesnet/node_modules/axios/lib/core/Axios.js:45:41)
    at process.processTicksAndRejections (node:internal/process/task_queues:105:5)
    at async PaymentServices.postPaymentServices (file:///C:/Users/MyBook%20Hype%20AMD/Documents/project/sukaaksesnet/server/app/services/payment.service.js:40:30)
    at async file:///C:/Users/MyBook%20Hype%20AMD/Documents/project/sukaaksesnet/server/app/controllers/payment.controller.js:13:24
[2025-11-23 18:23:06] [31merror[39m: send Wa Error: Request failed with status code 405
[2025-11-23 18:24:48] [31merror[39m: send Wa Error: Request failed with status code 405
[2025-11-23 18:25:18] [31merror[39m: send Wa Error: Request failed with status code 500
[2025-11-23 18:26:55] [31merror[39m: send Wa Error: Request failed with status code 403
[2025-11-23 18:28:38] [31merror[39m: send Wa Error: Request failed with status code 403
[2025-11-23 18:30:59] [31merror[39m: send Wa Error: Request failed with status code 403
[2025-11-23 18:31:35] [31merror[39m: send Wa Error: Request failed with status code 403
[2025-11-23 18:32:55] [31merror[39m: send Wa Error: Request failed with status code 403
[2025-11-23 18:35:27] [31merror[39m: send Wa Error: Request failed with status code 500
[2025-11-23 18:38:56] [31merror[39m: send Wa Error: Request failed with status code 500
[2025-11-23 18:39:34] [31merror[39m: send Wa Error: Request failed with status code 403
[2025-11-23 18:40:18] [31merror[39m: send Wa Error: Request failed with status code 403
[2025-11-23 18:45:10] [31merror[39m: send Wa Error: Request failed with status code 403
[2025-11-23 18:45:15] [31merror[39m: send Wa Error: Request failed with status code 403
[2025-11-23 18:45:43] [31merror[39m: send Wa Error: Request failed with status code 403
[2025-11-23 18:50:09] [31merror[39m: send Wa Error: Request failed with status code 403
[2025-11-23 18:50:21] [31merror[39m: send Wa Error: Request failed with status code 403
[2025-11-23 18:50:43] [31merror[39m: send Wa Error: Request failed with status code 403
[2025-11-23 18:54:18] [31merror[39m: send Wa Error: Request failed with status code 403
[2025-11-23 18:54:18] [31merror[39m: send Wa Error: Request failed with status code 403
[2025-11-23 18:54:18] [31merror[39m: send Wa Error: Request failed with status code 403
[2025-11-23 18:54:26] [31merror[39m: send Wa Error: Request failed with status code 403
[2025-11-23 18:54:29] [31merror[39m: send Wa Error: Request failed with status code 403
[2025-11-23 18:55:33] [31merror[39m: send Wa Error: Request failed with status code 403
[2025-11-23 18:55:33] [31merror[39m: DUITKU ERROR: Request failed with status code 403
[2025-11-23 18:55:33] [31merror[39m: [ERROR] POST /api/v1/payment - Request failed with status code 403
[2025-11-23 18:55:33] [31merror[39m: Server error! - Request failed with status code 403, Stack: AxiosError: Request failed with status code 403
    at settle (file:///C:/Users/MyBook%20Hype%20AMD/Documents/project/sukaaksesnet/node_modules/axios/lib/core/settle.js:19:12)
    at IncomingMessage.handleStreamEnd (file:///C:/Users/MyBook%20Hype%20AMD/Documents/project/sukaaksesnet/node_modules/axios/lib/adapters/http.js:793:11)
    at IncomingMessage.emit (node:events:530:35)
    at endReadableNT (node:internal/streams/readable:1698:12)
    at process.processTicksAndRejections (node:internal/process/task_queues:90:21)
    at Axios.request (file:///C:/Users/MyBook%20Hype%20AMD/Documents/project/sukaaksesnet/node_modules/axios/lib/core/Axios.js:45:41)
    at process.processTicksAndRejections (node:internal/process/task_queues:105:5)
    at async sendWa (file:///C:/Users/MyBook%20Hype%20AMD/Documents/project/sukaaksesnet/server/utils/sendwa.js:16:26)
    at async PaymentServices.postPaymentServices (file:///C:/Users/MyBook%20Hype%20AMD/Documents/project/sukaaksesnet/server/app/services/payment.service.js:52:13)
    at async file:///C:/Users/MyBook%20Hype%20AMD/Documents/project/sukaaksesnet/server/app/controllers/payment.controller.js:13:24
[2025-11-23 18:59:31] [31merror[39m: send Wa Error: Request failed with status code 403
[2025-11-23 18:59:31] [31merror[39m: DUITKU ERROR: Request failed with status code 403
[2025-11-23 18:59:31] [31merror[39m: [ERROR] POST /api/v1/payment - Request failed with status code 403
[2025-11-23 18:59:31] [31merror[39m: Server error! - Request failed with status code 403, Stack: AxiosError: Request failed with status code 403
    at settle (file:///C:/Users/MyBook%20Hype%20AMD/Documents/project/sukaaksesnet/node_modules/axios/lib/core/settle.js:19:12)
    at IncomingMessage.handleStreamEnd (file:///C:/Users/MyBook%20Hype%20AMD/Documents/project/sukaaksesnet/node_modules/axios/lib/adapters/http.js:793:11)
    at IncomingMessage.emit (node:events:530:35)
    at endReadableNT (node:internal/streams/readable:1698:12)
    at process.processTicksAndRejections (node:internal/process/task_queues:90:21)
    at Axios.request (file:///C:/Users/MyBook%20Hype%20AMD/Documents/project/sukaaksesnet/node_modules/axios/lib/core/Axios.js:45:41)
    at process.processTicksAndRejections (node:internal/process/task_queues:105:5)
    at async sendWa (file:///C:/Users/MyBook%20Hype%20AMD/Documents/project/sukaaksesnet/server/utils/sendwa.js:16:26)
    at async PaymentServices.postPaymentServices (file:///C:/Users/MyBook%20Hype%20AMD/Documents/project/sukaaksesnet/server/app/services/payment.service.js:52:13)
    at async file:///C:/Users/MyBook%20Hype%20AMD/Documents/project/sukaaksesnet/server/app/controllers/payment.controller.js:13:24
[2025-11-23 18:59:47] [31merror[39m: send Wa Error: Request failed with status code 403
[2025-11-23 18:59:47] [31merror[39m: DUITKU ERROR: Request failed with status code 403
[2025-11-23 18:59:47] [31merror[39m: [ERROR] POST /api/v1/payment - Request failed with status code 403
[2025-11-23 18:59:47] [31merror[39m: Server error! - Request failed with status code 403, Stack: AxiosError: Request failed with status code 403
    at settle (file:///C:/Users/MyBook%20Hype%20AMD/Documents/project/sukaaksesnet/node_modules/axios/lib/core/settle.js:19:12)
    at IncomingMessage.handleStreamEnd (file:///C:/Users/MyBook%20Hype%20AMD/Documents/project/sukaaksesnet/node_modules/axios/lib/adapters/http.js:793:11)
    at IncomingMessage.emit (node:events:530:35)
    at endReadableNT (node:internal/streams/readable:1698:12)
    at process.processTicksAndRejections (node:internal/process/task_queues:90:21)
    at Axios.request (file:///C:/Users/MyBook%20Hype%20AMD/Documents/project/sukaaksesnet/node_modules/axios/lib/core/Axios.js:45:41)
    at process.processTicksAndRejections (node:internal/process/task_queues:105:5)
    at async sendWa (file:///C:/Users/MyBook%20Hype%20AMD/Documents/project/sukaaksesnet/server/utils/sendwa.js:16:26)
    at async PaymentServices.postPaymentServices (file:///C:/Users/MyBook%20Hype%20AMD/Documents/project/sukaaksesnet/server/app/services/payment.service.js:52:13)
    at async file:///C:/Users/MyBook%20Hype%20AMD/Documents/project/sukaaksesnet/server/app/controllers/payment.controller.js:13:24
[2025-11-23 21:06:14] [31merror[39m: [ERROR] POST /api/v1/payment/callback - this.paymentservices.postPaymentServices is not a function
[2025-11-23 21:06:14] [31merror[39m: Server error! - this.paymentservices.postPaymentServices is not a function, Stack: TypeError: this.paymentservices.postPaymentServices is not a function
    at file:///C:/Users/MyBook%20Hype%20AMD/Documents/project/sukaaksesnet/server/app/controllers/payment.controller.js:13:51
    at file:///C:/Users/MyBook%20Hype%20AMD/Documents/project/sukaaksesnet/server/middleware/asyncHandler.middleware.js:2:19
    at Layer.handle [as handle_request] (C:\Users\MyBook Hype AMD\Documents\project\sukaaksesnet\node_modules\express\lib\router\layer.js:95:5)
    at next (C:\Users\MyBook Hype AMD\Documents\project\sukaaksesnet\node_modules\express\lib\router\route.js:149:13)
    at file:///C:/Users/MyBook%20Hype%20AMD/Documents/project/sukaaksesnet/node_modules/express-rate-limit/dist/index.mjs:913:7
    at process.processTicksAndRejections (node:internal/process/task_queues:105:5)
    at async file:///C:/Users/MyBook%20Hype%20AMD/Documents/project/sukaaksesnet/node_modules/express-rate-limit/dist/index.mjs:796:5
[2025-11-23 21:06:48] [31merror[39m: [ERROR] POST /api/v1/payment/callback - this.paymentservices.postPaymentServices is not a function
[2025-11-23 21:06:48] [31merror[39m: Server error! - this.paymentservices.postPaymentServices is not a function, Stack: TypeError: this.paymentservices.postPaymentServices is not a function
    at file:///C:/Users/MyBook%20Hype%20AMD/Documents/project/sukaaksesnet/server/app/controllers/payment.controller.js:13:51
    at file:///C:/Users/MyBook%20Hype%20AMD/Documents/project/sukaaksesnet/server/middleware/asyncHandler.middleware.js:2:19
    at Layer.handle [as handle_request] (C:\Users\MyBook Hype AMD\Documents\project\sukaaksesnet\node_modules\express\lib\router\layer.js:95:5)
    at next (C:\Users\MyBook Hype AMD\Documents\project\sukaaksesnet\node_modules\express\lib\router\route.js:149:13)
    at file:///C:/Users/MyBook%20Hype%20AMD/Documents/project/sukaaksesnet/node_modules/express-rate-limit/dist/index.mjs:913:7
    at process.processTicksAndRejections (node:internal/process/task_queues:105:5)
    at async file:///C:/Users/MyBook%20Hype%20AMD/Documents/project/sukaaksesnet/node_modules/express-rate-limit/dist/index.mjs:796:5
[2025-11-23 21:07:51] [31merror[39m: [ERROR] POST /api/v1/payment/callback - Cannot destructure property 'email' of 'req.user' as it is undefined.
[2025-11-23 21:07:51] [31merror[39m: Server error! - Cannot destructure property 'email' of 'req.user' as it is undefined., Stack: TypeError: Cannot destructure property 'email' of 'req.user' as it is undefined.
    at file:///C:/Users/MyBook%20Hype%20AMD/Documents/project/sukaaksesnet/server/app/controllers/payment.controller.js:19:12
    at file:///C:/Users/MyBook%20Hype%20AMD/Documents/project/sukaaksesnet/server/middleware/asyncHandler.middleware.js:2:19
    at Layer.handle [as handle_request] (C:\Users\MyBook Hype AMD\Documents\project\sukaaksesnet\node_modules\express\lib\router\layer.js:95:5)
    at next (C:\Users\MyBook Hype AMD\Documents\project\sukaaksesnet\node_modules\express\lib\router\route.js:149:13)
    at file:///C:/Users/MyBook%20Hype%20AMD/Documents/project/sukaaksesnet/node_modules/express-rate-limit/dist/index.mjs:913:7
    at process.processTicksAndRejections (node:internal/process/task_queues:105:5)
    at async file:///C:/Users/MyBook%20Hype%20AMD/Documents/project/sukaaksesnet/node_modules/express-rate-limit/dist/index.mjs:796:5
[2025-11-23 21:08:46] [31merror[39m: ‚ùå INVALID SIGNATURE CALLBACK
[2025-11-23 21:09:05] [31merror[39m: [ERROR] POST /api/v1/payment - this.paymentservices.postPaymentServices is not a function
[2025-11-23 21:09:05] [31merror[39m: Server error! - this.paymentservices.postPaymentServices is not a function, Stack: TypeError: this.paymentservices.postPaymentServices is not a function
    at file:///C:/Users/MyBook%20Hype%20AMD/Documents/project/sukaaksesnet/server/app/controllers/payment.controller.js:13:51
    at file:///C:/Users/MyBook%20Hype%20AMD/Documents/project/sukaaksesnet/server/middleware/asyncHandler.middleware.js:2:19
    at Layer.handle [as handle_request] (C:\Users\MyBook Hype AMD\Documents\project\sukaaksesnet\node_modules\express\lib\router\layer.js:95:5)
    at next (C:\Users\MyBook Hype AMD\Documents\project\sukaaksesnet\node_modules\express\lib\router\route.js:149:13)
    at file:///C:/Users/MyBook%20Hype%20AMD/Documents/project/sukaaksesnet/node_modules/express-rate-limit/dist/index.mjs:913:7
    at process.processTicksAndRejections (node:internal/process/task_queues:105:5)
    at async file:///C:/Users/MyBook%20Hype%20AMD/Documents/project/sukaaksesnet/node_modules/express-rate-limit/dist/index.mjs:796:5
[2025-11-23 21:15:29] [31merror[39m: ‚ùå INVALID SIGNATURE CALLBACK
[2025-11-23 21:15:55] [31merror[39m: ‚ùå INVALID SIGNATURE CALLBACK
[2025-11-23 21:18:49] [31merror[39m: ‚ùå INVALID SIGNATURE CALLBACK
[2025-11-23 21:18:52] [31merror[39m: ‚ùå INVALID SIGNATURE CALLBACK
[2025-11-23 21:18:52] [31merror[39m: ‚ùå INVALID SIGNATURE CALLBACK
[2025-11-23 21:40:21] [31merror[39m: ‚ùå INVALID SIGNATURE CALLBACK
[2025-11-23 21:40:31] [31merror[39m: send Wa Error: Request failed with status code 403
[2025-11-23 21:40:31] [31merror[39m: ‚ùå Unhandled Rejection: Request failed with status code 403
[2025-11-23 22:01:40] [31merror[39m: ‚ùå INVALID SIGNATURE CALLBACK
[2025-11-23 23:08:07] [31merror[39m: ‚ùå INVALID SIGNATURE CALLBACK
[2025-11-23 23:08:13] [31merror[39m: ‚ùå INVALID SIGNATURE CALLBACK
[2025-11-23 23:09:29] [31merror[39m: ‚ùå INVALID SIGNATURE CALLBACK
[2025-11-23 23:09:37] [31merror[39m: ‚ùå INVALID SIGNATURE CALLBACK
[2025-11-23 23:09:38] [31merror[39m: ‚ùå INVALID SIGNATURE CALLBACK
[2025-11-23 23:10:51] [31merror[39m: ‚ùå INVALID SIGNATURE CALLBACK
[2025-11-23 23:11:18] [31merror[39m: ‚ùå INVALID SIGNATURE CALLBACK
[2025-11-23 23:25:11] [31merror[39m: ‚ùå INVALID SIGNATURE CALLBACK
[2025-11-23 23:25:22] [31merror[39m: ‚ùå INVALID SIGNATURE CALLBACK
[2025-11-23 23:27:32] [31merror[39m: ‚ùå INVALID SIGNATURE CALLBACK
[2025-11-23 23:27:39] [31merror[39m: ‚ùå INVALID SIGNATURE CALLBACK
[2025-11-23 23:37:30] [31merror[39m: ‚ùå INVALID SIGNATURE CALLBACK
[2025-11-23 23:37:42] [31merror[39m: [ERROR] POST /api/v1/payment/callback - Expected double-quoted property name in JSON at position 275 (line 10 column 1)
[2025-11-23 23:37:42] [31merror[39m: Server error! - Expected double-quoted property name in JSON at position 275 (line 10 column 1), Stack: SyntaxError: Expected double-quoted property name in JSON at position 275 (line 10 column 1)
    at JSON.parse (<anonymous>)
    at parse (C:\Users\MyBook Hype AMD\Documents\project\sukaaksesnet\node_modules\body-parser\lib\types\json.js:92:19)
    at C:\Users\MyBook Hype AMD\Documents\project\sukaaksesnet\node_modules\body-parser\lib\read.js:128:18
    at AsyncResource.runInAsyncScope (node:async_hooks:211:14)
    at invokeCallback (C:\Users\MyBook Hype AMD\Documents\project\sukaaksesnet\node_modules\raw-body\index.js:238:16)
    at done (C:\Users\MyBook Hype AMD\Documents\project\sukaaksesnet\node_modules\raw-body\index.js:227:7)
    at IncomingMessage.onEnd (C:\Users\MyBook Hype AMD\Documents\project\sukaaksesnet\node_modules\raw-body\index.js:287:7)
    at IncomingMessage.emit (node:events:518:28)
    at endReadableNT (node:internal/streams/readable:1698:12)
    at process.processTicksAndRejections (node:internal/process/task_queues:90:21)
[2025-11-23 23:37:48] [31merror[39m: ‚ùå INVALID SIGNATURE CALLBACK
[2025-11-23 23:37:55] [31merror[39m: ‚ùå INVALID SIGNATURE CALLBACK
[2025-11-23 23:41:08] [31merror[39m: ‚ùå INVALID SIGNATURE CALLBACK
[2025-11-23 23:41:10] [31merror[39m: ‚ùå INVALID SIGNATURE CALLBACK
[2025-11-23 23:41:11] [31merror[39m: ‚ùå INVALID SIGNATURE CALLBACK
[2025-11-23 23:41:11] [31merror[39m: ‚ùå INVALID SIGNATURE CALLBACK
[2025-11-23 23:42:52] [31merror[39m: ‚ùå INVALID SIGNATURE CALLBACK
[2025-11-23 23:43:02] [31merror[39m: ‚ùå INVALID SIGNATURE CALLBACK
[2025-11-23 23:44:50] [31merror[39m: ‚ùå INVALID SIGNATURE CALLBACK
[2025-11-23 23:44:54] [31merror[39m: ‚ùå INVALID SIGNATURE CALLBACK
[2025-11-23 23:46:23] [31merror[39m: CALLBACK ERROR: ENV.duitku.merchantCode.createHash is not a function
[2025-11-23 23:46:59] [31merror[39m: ‚ùå INVALID SIGNATURE CALLBACK
[2025-11-23 23:47:01] [31merror[39m: ‚ùå INVALID SIGNATURE CALLBACK
[2025-11-23 23:47:01] [31merror[39m: ‚ùå INVALID SIGNATURE CALLBACK
[2025-11-23 23:47:01] [31merror[39m: ‚ùå INVALID SIGNATURE CALLBACK
[2025-11-23 23:47:01] [31merror[39m: ‚ùå INVALID SIGNATURE CALLBACK
[2025-11-23 23:47:01] [31merror[39m: ‚ùå INVALID SIGNATURE CALLBACK
[2025-11-23 23:47:02] [31merror[39m: ‚ùå INVALID SIGNATURE CALLBACK
[2025-11-23 23:48:58] [31merror[39m: ‚ùå INVALID SIGNATURE CALLBACK
[2025-11-23 23:49:45] [31merror[39m: ‚ùå INVALID SIGNATURE CALLBACK
[2025-11-23 23:51:21] [31merror[39m: ‚ùå INVALID SIGNATURE CALLBACK
[2025-11-23 23:52:31] [31merror[39m: ‚ùå INVALID SIGNATURE CALLBACK
[2025-11-23 23:52:33] [31merror[39m: ‚ùå INVALID SIGNATURE CALLBACK
[2025-11-23 23:52:33] [31merror[39m: ‚ùå INVALID SIGNATURE CALLBACK
[2025-11-23 23:52:33] [31merror[39m: ‚ùå INVALID SIGNATURE CALLBACK
[2025-11-23 23:52:33] [31merror[39m: ‚ùå INVALID SIGNATURE CALLBACK
[2025-11-23 23:52:33] [31merror[39m: ‚ùå INVALID SIGNATURE CALLBACK
[2025-11-23 23:52:33] [31merror[39m: ‚ùå INVALID SIGNATURE CALLBACK
[2025-11-23 23:52:34] [31merror[39m: ‚ùå INVALID SIGNATURE CALLBACK
[2025-11-23 23:54:28] [31merror[39m: ‚ùå INVALID SIGNATURE CALLBACK
[2025-11-23 23:54:55] [31merror[39m: ‚ùå INVALID SIGNATURE CALLBACK
[2025-11-23 23:58:11] [31merror[39m: ‚ùå INVALID SIGNATURE CALLBACK
[2025-11-24 00:00:16] [31merror[39m: ‚ùå INVALID SIGNATURE CALLBACK
[2025-11-24 00:01:50] [31merror[39m: ‚ùå INVALID SIGNATURE CALLBACK
[2025-11-24 00:02:41] [31merror[39m: ‚ùå INVALID SIGNATURE CALLBACK
[2025-11-24 00:03:05] [31merror[39m: ‚ùå INVALID SIGNATURE CALLBACK
[2025-11-25 19:34:16] [31merror[39m: ‚ùå INVALID SIGNATURE CALLBACK
[2025-11-25 19:53:48] [31merror[39m: ‚ùå INVALID SIGNATURE CALLBACK
[2025-11-25 19:54:13] [31merror[39m: send Wa Error: Request failed with status code 403
[2025-11-25 19:54:13] [31merror[39m: ‚ùå Unhandled Rejection: Request failed with status code 403
[2025-11-25 19:57:29] [31merror[39m: [ERROR] POST /api/v1/payment/callback - Expected double-quoted property name in JSON at position 307 (line 11 column 1)
[2025-11-25 19:57:29] [31merror[39m: Server error! - Expected double-quoted property name in JSON at position 307 (line 11 column 1), Stack: SyntaxError: Expected double-quoted property name in JSON at position 307 (line 11 column 1)
    at JSON.parse (<anonymous>)
    at parse (C:\Users\MyBook Hype AMD\Documents\project\sukaaksesnet\node_modules\body-parser\lib\types\json.js:92:19)
    at C:\Users\MyBook Hype AMD\Documents\project\sukaaksesnet\node_modules\body-parser\lib\read.js:128:18
    at AsyncResource.runInAsyncScope (node:async_hooks:211:14)
    at invokeCallback (C:\Users\MyBook Hype AMD\Documents\project\sukaaksesnet\node_modules\raw-body\index.js:238:16)
    at done (C:\Users\MyBook Hype AMD\Documents\project\sukaaksesnet\node_modules\raw-body\index.js:227:7)
    at IncomingMessage.onEnd (C:\Users\MyBook Hype AMD\Documents\project\sukaaksesnet\node_modules\raw-body\index.js:287:7)
    at IncomingMessage.emit (node:events:518:28)
    at endReadableNT (node:internal/streams/readable:1698:12)
    at process.processTicksAndRejections (node:internal/process/task_queues:90:21)
[2025-11-25 20:00:09] [31merror[39m: ‚ùå Missing signature or timestamp
[2025-11-25 20:02:03] [31merror[39m: ‚ùå Unhandled Rejection: Cannot read properties of undefined (reading 'replace')
[2025-11-25 20:02:03] [31merror[39m: ‚ùå Unhandled Rejection: Cannot read properties of undefined (reading 'replace')
[2025-11-25 20:02:06] [31merror[39m: ‚ùå Unhandled Rejection: Cannot read properties of undefined (reading 'replace')
[2025-11-25 20:02:06] [31merror[39m: ‚ùå Unhandled Rejection: Cannot read properties of undefined (reading 'replace')
[2025-11-25 20:02:07] [31merror[39m: ‚ùå Unhandled Rejection: Cannot read properties of undefined (reading 'replace')
[2025-11-25 20:02:07] [31merror[39m: ‚ùå Unhandled Rejection: Cannot read properties of undefined (reading 'replace')
[2025-11-25 20:05:59] [31merror[39m: ‚ùå Unhandled Rejection: Cannot read properties of undefined (reading 'replace')
[2025-11-25 20:05:59] [31merror[39m: ‚ùå Unhandled Rejection: Cannot read properties of undefined (reading 'replace')
[2025-11-25 20:13:45] [31merror[39m: ‚ùå Unhandled Rejection: Cannot read properties of undefined (reading 'replace')
[2025-11-25 20:13:45] [31merror[39m: ‚ùå Unhandled Rejection: Cannot read properties of undefined (reading 'replace')
[2025-11-25 20:39:52] [31merror[39m: send Wa Error: Request failed with status code 403
[2025-11-25 20:39:52] [31merror[39m: ‚ùå Unhandled Rejection: Request failed with status code 403
[2025-11-25 20:41:06] [31merror[39m: send Wa Error: Request failed with status code 403
[2025-11-25 20:41:06] [31merror[39m: ‚ùå Unhandled Rejection: Request failed with status code 403
[2025-11-25 20:41:37] [31merror[39m: send Wa Error: Request failed with status code 403
[2025-11-25 20:41:37] [31merror[39m: ‚ùå Unhandled Rejection: Request failed with status code 403
[2025-11-25 20:59:39] [31merror[39m: DUITKU CREATE INVOICE ERROR: handphone is not defined
[2025-11-25 20:59:39] [31merror[39m: [ERROR] POST /api/v1/payment - handphone is not defined
[2025-11-25 20:59:39] [31merror[39m: Server error! - handphone is not defined, Stack: ReferenceError: handphone is not defined
    at PaymentServices.postPaymentServices (file:///C:/Users/MyBook%20Hype%20AMD/Documents/project/sukaaksesnet/server/app/services/payment.service.js:65:77)
    at process.processTicksAndRejections (node:internal/process/task_queues:105:5)
    at async file:///C:/Users/MyBook%20Hype%20AMD/Documents/project/sukaaksesnet/server/app/controllers/payment.controller.js:14:24
[2025-11-25 20:59:53] [31merror[39m: DUITKU CREATE INVOICE ERROR: handphone is not defined
[2025-11-25 20:59:53] [31merror[39m: [ERROR] POST /api/v1/payment - handphone is not defined
[2025-11-25 20:59:53] [31merror[39m: Server error! - handphone is not defined, Stack: ReferenceError: handphone is not defined
    at PaymentServices.postPaymentServices (file:///C:/Users/MyBook%20Hype%20AMD/Documents/project/sukaaksesnet/server/app/services/payment.service.js:65:77)
    at process.processTicksAndRejections (node:internal/process/task_queues:105:5)
    at async file:///C:/Users/MyBook%20Hype%20AMD/Documents/project/sukaaksesnet/server/app/controllers/payment.controller.js:14:24
[2025-11-25 20:59:53] [31merror[39m: ‚ùå Unhandled Rejection: Cannot read properties of undefined (reading 'replace')
[2025-11-25 21:00:56] [31merror[39m: DUITKU CREATE INVOICE ERROR: notNull Violation: payment.handphone cannot be null,
notNull Violation: payment.amount cannot be null,
notNull Violation: payment.email cannot be null,
notNull Violation: payment.merchantOrderId cannot be null,
notNull Violation: payment.payment_url cannot be null,
notNull Violation: payment.product cannot be null
[2025-11-25 21:00:56] [31merror[39m: [ERROR] POST /api/v1/payment - notNull Violation: payment.handphone cannot be null,
notNull Violation: payment.amount cannot be null,
notNull Violation: payment.email cannot be null,
notNull Violation: payment.merchantOrderId cannot be null,
notNull Violation: payment.payment_url cannot be null,
notNull Violation: payment.product cannot be null
[2025-11-25 21:00:56] [31merror[39m: Server error! - notNull Violation: payment.handphone cannot be null,
notNull Violation: payment.amount cannot be null,
notNull Violation: payment.email cannot be null,
notNull Violation: payment.merchantOrderId cannot be null,
notNull Violation: payment.payment_url cannot be null,
notNull Violation: payment.product cannot be null, Stack: SequelizeValidationError: notNull Violation: payment.handphone cannot be null,
notNull Violation: payment.amount cannot be null,
notNull Violation: payment.email cannot be null,
notNull Violation: payment.merchantOrderId cannot be null,
notNull Violation: payment.payment_url cannot be null,
notNull Violation: payment.product cannot be null
    at InstanceValidator._validate (C:\Users\MyBook Hype AMD\Documents\project\sukaaksesnet\node_modules\sequelize\lib\instance-validator.js:50:13)
    at process.processTicksAndRejections (node:internal/process/task_queues:105:5)
    at async InstanceValidator._validateAndRunHooks (C:\Users\MyBook Hype AMD\Documents\project\sukaaksesnet\node_modules\sequelize\lib\instance-validator.js:60:7)
    at async InstanceValidator.validate (C:\Users\MyBook Hype AMD\Documents\project\sukaaksesnet\node_modules\sequelize\lib\instance-validator.js:54:12)
    at async PaymentModels.save (C:\Users\MyBook Hype AMD\Documents\project\sukaaksesnet\node_modules\sequelize\lib\model.js:2426:7)
    at async payment.create (C:\Users\MyBook Hype AMD\Documents\project\sukaaksesnet\node_modules\sequelize\lib\model.js:1362:12)
    at async PaymentRepository.createPayment (file:///C:/Users/MyBook%20Hype%20AMD/Documents/project/sukaaksesnet/server/app/repositories/payment.repository.js:8:16)
    at async PaymentServices.postPaymentServices (file:///C:/Users/MyBook%20Hype%20AMD/Documents/project/sukaaksesnet/server/app/services/payment.service.js:65:20)
    at async file:///C:/Users/MyBook%20Hype%20AMD/Documents/project/sukaaksesnet/server/app/controllers/payment.controller.js:14:24
[2025-11-25 21:00:56] [31merror[39m: send Wa Error: Request failed with status code 403
[2025-11-25 21:00:56] [31merror[39m: ‚ùå Unhandled Rejection: Request failed with status code 403
[2025-11-25 21:01:46] [31merror[39m: DUITKU CREATE INVOICE ERROR: notNull Violation: payment.handphone cannot be null,
notNull Violation: payment.amount cannot be null,
notNull Violation: payment.email cannot be null,
notNull Violation: payment.merchantOrderId cannot be null,
notNull Violation: payment.payment_url cannot be null,
notNull Violation: payment.product cannot be null
[2025-11-25 21:01:46] [31merror[39m: [ERROR] POST /api/v1/payment - notNull Violation: payment.handphone cannot be null,
notNull Violation: payment.amount cannot be null,
notNull Violation: payment.email cannot be null,
notNull Violation: payment.merchantOrderId cannot be null,
notNull Violation: payment.payment_url cannot be null,
notNull Violation: payment.product cannot be null
[2025-11-25 21:01:46] [31merror[39m: Server error! - notNull Violation: payment.handphone cannot be null,
notNull Violation: payment.amount cannot be null,
notNull Violation: payment.email cannot be null,
notNull Violation: payment.merchantOrderId cannot be null,
notNull Violation: payment.payment_url cannot be null,
notNull Violation: payment.product cannot be null, Stack: SequelizeValidationError: notNull Violation: payment.handphone cannot be null,
notNull Violation: payment.amount cannot be null,
notNull Violation: payment.email cannot be null,
notNull Violation: payment.merchantOrderId cannot be null,
notNull Violation: payment.payment_url cannot be null,
notNull Violation: payment.product cannot be null
    at InstanceValidator._validate (C:\Users\MyBook Hype AMD\Documents\project\sukaaksesnet\node_modules\sequelize\lib\instance-validator.js:50:13)
    at process.processTicksAndRejections (node:internal/process/task_queues:105:5)
    at async InstanceValidator._validateAndRunHooks (C:\Users\MyBook Hype AMD\Documents\project\sukaaksesnet\node_modules\sequelize\lib\instance-validator.js:60:7)
    at async InstanceValidator.validate (C:\Users\MyBook Hype AMD\Documents\project\sukaaksesnet\node_modules\sequelize\lib\instance-validator.js:54:12)
    at async PaymentModels.save (C:\Users\MyBook Hype AMD\Documents\project\sukaaksesnet\node_modules\sequelize\lib\model.js:2426:7)
    at async payment.create (C:\Users\MyBook Hype AMD\Documents\project\sukaaksesnet\node_modules\sequelize\lib\model.js:1362:12)
    at async PaymentRepository.createPayment (file:///C:/Users/MyBook%20Hype%20AMD/Documents/project/sukaaksesnet/server/app/repositories/payment.repository.js:8:16)
    at async PaymentServices.postPaymentServices (file:///C:/Users/MyBook%20Hype%20AMD/Documents/project/sukaaksesnet/server/app/services/payment.service.js:65:20)
    at async file:///C:/Users/MyBook%20Hype%20AMD/Documents/project/sukaaksesnet/server/app/controllers/payment.controller.js:14:24
[2025-11-25 21:01:46] [31merror[39m: send Wa Error: Request failed with status code 403
[2025-11-25 21:01:46] [31merror[39m: ‚ùå Unhandled Rejection: Request failed with status code 403
[2025-11-25 21:02:48] [31merror[39m: DUITKU CREATE INVOICE ERROR: notNull Violation: payment.handphone cannot be null,
notNull Violation: payment.amount cannot be null,
notNull Violation: payment.email cannot be null,
notNull Violation: payment.merchantOrderId cannot be null,
notNull Violation: payment.payment_url cannot be null,
notNull Violation: payment.product cannot be null
[2025-11-25 21:02:48] [31merror[39m: [ERROR] POST /api/v1/payment - notNull Violation: payment.handphone cannot be null,
notNull Violation: payment.amount cannot be null,
notNull Violation: payment.email cannot be null,
notNull Violation: payment.merchantOrderId cannot be null,
notNull Violation: payment.payment_url cannot be null,
notNull Violation: payment.product cannot be null
[2025-11-25 21:02:48] [31merror[39m: Server error! - notNull Violation: payment.handphone cannot be null,
notNull Violation: payment.amount cannot be null,
notNull Violation: payment.email cannot be null,
notNull Violation: payment.merchantOrderId cannot be null,
notNull Violation: payment.payment_url cannot be null,
notNull Violation: payment.product cannot be null, Stack: SequelizeValidationError: notNull Violation: payment.handphone cannot be null,
notNull Violation: payment.amount cannot be null,
notNull Violation: payment.email cannot be null,
notNull Violation: payment.merchantOrderId cannot be null,
notNull Violation: payment.payment_url cannot be null,
notNull Violation: payment.product cannot be null
    at InstanceValidator._validate (C:\Users\MyBook Hype AMD\Documents\project\sukaaksesnet\node_modules\sequelize\lib\instance-validator.js:50:13)
    at process.processTicksAndRejections (node:internal/process/task_queues:105:5)
    at async InstanceValidator._validateAndRunHooks (C:\Users\MyBook Hype AMD\Documents\project\sukaaksesnet\node_modules\sequelize\lib\instance-validator.js:60:7)
    at async InstanceValidator.validate (C:\Users\MyBook Hype AMD\Documents\project\sukaaksesnet\node_modules\sequelize\lib\instance-validator.js:54:12)
    at async PaymentModels.save (C:\Users\MyBook Hype AMD\Documents\project\sukaaksesnet\node_modules\sequelize\lib\model.js:2426:7)
    at async payment.create (C:\Users\MyBook Hype AMD\Documents\project\sukaaksesnet\node_modules\sequelize\lib\model.js:1362:12)
    at async PaymentRepository.createPayment (file:///C:/Users/MyBook%20Hype%20AMD/Documents/project/sukaaksesnet/server/app/repositories/payment.repository.js:8:16)
    at async PaymentServices.postPaymentServices (file:///C:/Users/MyBook%20Hype%20AMD/Documents/project/sukaaksesnet/server/app/services/payment.service.js:65:20)
    at async file:///C:/Users/MyBook%20Hype%20AMD/Documents/project/sukaaksesnet/server/app/controllers/payment.controller.js:14:24
[2025-11-25 21:02:49] [31merror[39m: send Wa Error: Request failed with status code 403
[2025-11-25 21:02:49] [31merror[39m: ‚ùå Unhandled Rejection: Request failed with status code 403
[2025-11-25 21:04:45] [31merror[39m: DUITKU CREATE INVOICE ERROR: notNull Violation: payment.handphone cannot be null,
notNull Violation: payment.amount cannot be null,
notNull Violation: payment.email cannot be null,
notNull Violation: payment.merchantOrderId cannot be null,
notNull Violation: payment.payment_url cannot be null,
notNull Violation: payment.product cannot be null
[2025-11-25 21:04:45] [31merror[39m: [ERROR] POST /api/v1/payment - notNull Violation: payment.handphone cannot be null,
notNull Violation: payment.amount cannot be null,
notNull Violation: payment.email cannot be null,
notNull Violation: payment.merchantOrderId cannot be null,
notNull Violation: payment.payment_url cannot be null,
notNull Violation: payment.product cannot be null
[2025-11-25 21:04:45] [31merror[39m: Server error! - notNull Violation: payment.handphone cannot be null,
notNull Violation: payment.amount cannot be null,
notNull Violation: payment.email cannot be null,
notNull Violation: payment.merchantOrderId cannot be null,
notNull Violation: payment.payment_url cannot be null,
notNull Violation: payment.product cannot be null, Stack: SequelizeValidationError: notNull Violation: payment.handphone cannot be null,
notNull Violation: payment.amount cannot be null,
notNull Violation: payment.email cannot be null,
notNull Violation: payment.merchantOrderId cannot be null,
notNull Violation: payment.payment_url cannot be null,
notNull Violation: payment.product cannot be null
    at InstanceValidator._validate (C:\Users\MyBook Hype AMD\Documents\project\sukaaksesnet\node_modules\sequelize\lib\instance-validator.js:50:13)
    at process.processTicksAndRejections (node:internal/process/task_queues:105:5)
    at async InstanceValidator._validateAndRunHooks (C:\Users\MyBook Hype AMD\Documents\project\sukaaksesnet\node_modules\sequelize\lib\instance-validator.js:60:7)
    at async InstanceValidator.validate (C:\Users\MyBook Hype AMD\Documents\project\sukaaksesnet\node_modules\sequelize\lib\instance-validator.js:54:12)
    at async PaymentModels.save (C:\Users\MyBook Hype AMD\Documents\project\sukaaksesnet\node_modules\sequelize\lib\model.js:2426:7)
    at async payment.create (C:\Users\MyBook Hype AMD\Documents\project\sukaaksesnet\node_modules\sequelize\lib\model.js:1362:12)
    at async PaymentRepository.createPayment (file:///C:/Users/MyBook%20Hype%20AMD/Documents/project/sukaaksesnet/server/app/repositories/payment.repository.js:8:16)
    at async PaymentServices.postPaymentServices (file:///C:/Users/MyBook%20Hype%20AMD/Documents/project/sukaaksesnet/server/app/services/payment.service.js:65:20)
    at async file:///C:/Users/MyBook%20Hype%20AMD/Documents/project/sukaaksesnet/server/app/controllers/payment.controller.js:14:24
[2025-11-25 21:04:46] [31merror[39m: send Wa Error: Request failed with status code 403
[2025-11-25 21:04:46] [31merror[39m: ‚ùå Unhandled Rejection: Request failed with status code 403
[2025-11-25 21:06:28] [31merror[39m: DUITKU CREATE INVOICE ERROR: notNull Violation: payment.handphone cannot be null,
notNull Violation: payment.amount cannot be null,
notNull Violation: payment.email cannot be null,
notNull Violation: payment.merchantOrderId cannot be null,
notNull Violation: payment.payment_url cannot be null,
notNull Violation: payment.product cannot be null
[2025-11-25 21:06:28] [31merror[39m: [ERROR] POST /api/v1/payment - notNull Violation: payment.handphone cannot be null,
notNull Violation: payment.amount cannot be null,
notNull Violation: payment.email cannot be null,
notNull Violation: payment.merchantOrderId cannot be null,
notNull Violation: payment.payment_url cannot be null,
notNull Violation: payment.product cannot be null
[2025-11-25 21:06:28] [31merror[39m: Server error! - notNull Violation: payment.handphone cannot be null,
notNull Violation: payment.amount cannot be null,
notNull Violation: payment.email cannot be null,
notNull Violation: payment.merchantOrderId cannot be null,
notNull Violation: payment.payment_url cannot be null,
notNull Violation: payment.product cannot be null, Stack: SequelizeValidationError: notNull Violation: payment.handphone cannot be null,
notNull Violation: payment.amount cannot be null,
notNull Violation: payment.email cannot be null,
notNull Violation: payment.merchantOrderId cannot be null,
notNull Violation: payment.payment_url cannot be null,
notNull Violation: payment.product cannot be null
    at InstanceValidator._validate (C:\Users\MyBook Hype AMD\Documents\project\sukaaksesnet\node_modules\sequelize\lib\instance-validator.js:50:13)
    at process.processTicksAndRejections (node:internal/process/task_queues:105:5)
    at async InstanceValidator._validateAndRunHooks (C:\Users\MyBook Hype AMD\Documents\project\sukaaksesnet\node_modules\sequelize\lib\instance-validator.js:60:7)
    at async InstanceValidator.validate (C:\Users\MyBook Hype AMD\Documents\project\sukaaksesnet\node_modules\sequelize\lib\instance-validator.js:54:12)
    at async PaymentModels.save (C:\Users\MyBook Hype AMD\Documents\project\sukaaksesnet\node_modules\sequelize\lib\model.js:2426:7)
    at async payment.create (C:\Users\MyBook Hype AMD\Documents\project\sukaaksesnet\node_modules\sequelize\lib\model.js:1362:12)
    at async PaymentRepository.createPayment (file:///C:/Users/MyBook%20Hype%20AMD/Documents/project/sukaaksesnet/server/app/repositories/payment.repository.js:8:16)
    at async PaymentServices.postPaymentServices (file:///C:/Users/MyBook%20Hype%20AMD/Documents/project/sukaaksesnet/server/app/services/payment.service.js:60:20)
    at async file:///C:/Users/MyBook%20Hype%20AMD/Documents/project/sukaaksesnet/server/app/controllers/payment.controller.js:14:24
[2025-11-25 21:06:28] [31merror[39m: send Wa Error: Request failed with status code 403
[2025-11-25 21:06:28] [31merror[39m: ‚ùå Unhandled Rejection: Request failed with status code 403
[2025-11-25 21:11:17] [31merror[39m: DUITKU CREATE INVOICE ERROR: notNull Violation: payment.payment_url cannot be null
[2025-11-25 21:11:17] [31merror[39m: [ERROR] POST /api/v1/payment - notNull Violation: payment.payment_url cannot be null
[2025-11-25 21:11:17] [31merror[39m: Server error! - notNull Violation: payment.payment_url cannot be null, Stack: SequelizeValidationError: notNull Violation: payment.payment_url cannot be null
    at InstanceValidator._validate (C:\Users\MyBook Hype AMD\Documents\project\sukaaksesnet\node_modules\sequelize\lib\instance-validator.js:50:13)
    at process.processTicksAndRejections (node:internal/process/task_queues:105:5)
    at async InstanceValidator._validateAndRunHooks (C:\Users\MyBook Hype AMD\Documents\project\sukaaksesnet\node_modules\sequelize\lib\instance-validator.js:60:7)
    at async InstanceValidator.validate (C:\Users\MyBook Hype AMD\Documents\project\sukaaksesnet\node_modules\sequelize\lib\instance-validator.js:54:12)
    at async PaymentModels.save (C:\Users\MyBook Hype AMD\Documents\project\sukaaksesnet\node_modules\sequelize\lib\model.js:2426:7)
    at async payment.create (C:\Users\MyBook Hype AMD\Documents\project\sukaaksesnet\node_modules\sequelize\lib\model.js:1362:12)
    at async PaymentRepository.createPayment (file:///C:/Users/MyBook%20Hype%20AMD/Documents/project/sukaaksesnet/server/app/repositories/payment.repository.js:8:16)
    at async PaymentServices.postPaymentServices (file:///C:/Users/MyBook%20Hype%20AMD/Documents/project/sukaaksesnet/server/app/services/payment.service.js:60:20)
    at async file:///C:/Users/MyBook%20Hype%20AMD/Documents/project/sukaaksesnet/server/app/controllers/payment.controller.js:14:24
[2025-11-25 21:11:18] [31merror[39m: send Wa Error: Request failed with status code 403
[2025-11-25 21:11:18] [31merror[39m: ‚ùå Unhandled Rejection: Request failed with status code 403
[2025-11-25 21:12:44] [31merror[39m: send Wa Error: Request failed with status code 403
[2025-11-25 21:12:44] [31merror[39m: ‚ùå Unhandled Rejection: Request failed with status code 403
[2025-11-25 21:13:23] [31merror[39m: DUITKU CREATE INVOICE ERROR: Validation error
[2025-11-25 21:13:23] [31merror[39m: [ERROR] POST /api/v1/payment - Validation error
[2025-11-25 21:13:23] [31merror[39m: Server error! - Validation error, Stack: Error
    at Query.run (C:\Users\MyBook Hype AMD\Documents\project\sukaaksesnet\node_modules\sequelize\lib\dialects\mysql\query.js:52:25)
    at C:\Users\MyBook Hype AMD\Documents\project\sukaaksesnet\node_modules\sequelize\lib\sequelize.js:315:28
    at process.processTicksAndRejections (node:internal/process/task_queues:105:5)
    at async MySQLQueryInterface.insert (C:\Users\MyBook Hype AMD\Documents\project\sukaaksesnet\node_modules\sequelize\lib\dialects\abstract\query-interface.js:308:21)
    at async PaymentModels.save (C:\Users\MyBook Hype AMD\Documents\project\sukaaksesnet\node_modules\sequelize\lib\model.js:2490:35)
    at async payment.create (C:\Users\MyBook Hype AMD\Documents\project\sukaaksesnet\node_modules\sequelize\lib\model.js:1362:12)
    at async PaymentRepository.createPayment (file:///C:/Users/MyBook%20Hype%20AMD/Documents/project/sukaaksesnet/server/app/repositories/payment.repository.js:8:16)
    at async PaymentServices.postPaymentServices (file:///C:/Users/MyBook%20Hype%20AMD/Documents/project/sukaaksesnet/server/app/services/payment.service.js:60:20)
    at async file:///C:/Users/MyBook%20Hype%20AMD/Documents/project/sukaaksesnet/server/app/controllers/payment.controller.js:14:24
[2025-11-25 21:13:23] [31merror[39m: send Wa Error: Request failed with status code 403
[2025-11-25 21:13:23] [31merror[39m: ‚ùå Unhandled Rejection: Request failed with status code 403
[2025-11-25 21:14:01] [31merror[39m: DUITKU CREATE INVOICE ERROR: Validation error
[2025-11-25 21:14:01] [31merror[39m: [ERROR] POST /api/v1/payment - Validation error
[2025-11-25 21:14:01] [31merror[39m: Server error! - Validation error, Stack: Error
    at Query.run (C:\Users\MyBook Hype AMD\Documents\project\sukaaksesnet\node_modules\sequelize\lib\dialects\mysql\query.js:52:25)
    at C:\Users\MyBook Hype AMD\Documents\project\sukaaksesnet\node_modules\sequelize\lib\sequelize.js:315:28
    at process.processTicksAndRejections (node:internal/process/task_queues:105:5)
    at async MySQLQueryInterface.insert (C:\Users\MyBook Hype AMD\Documents\project\sukaaksesnet\node_modules\sequelize\lib\dialects\abstract\query-interface.js:308:21)
    at async PaymentModels.save (C:\Users\MyBook Hype AMD\Documents\project\sukaaksesnet\node_modules\sequelize\lib\model.js:2490:35)
    at async payment.create (C:\Users\MyBook Hype AMD\Documents\project\sukaaksesnet\node_modules\sequelize\lib\model.js:1362:12)
    at async PaymentRepository.createPayment (file:///C:/Users/MyBook%20Hype%20AMD/Documents/project/sukaaksesnet/server/app/repositories/payment.repository.js:8:16)
    at async PaymentServices.postPaymentServices (file:///C:/Users/MyBook%20Hype%20AMD/Documents/project/sukaaksesnet/server/app/services/payment.service.js:60:20)
    at async file:///C:/Users/MyBook%20Hype%20AMD/Documents/project/sukaaksesnet/server/app/controllers/payment.controller.js:14:24
[2025-11-25 21:14:01] [31merror[39m: send Wa Error: Request failed with status code 403
[2025-11-25 21:14:01] [31merror[39m: ‚ùå Unhandled Rejection: Request failed with status code 403
[2025-11-25 21:14:09] [31merror[39m: DUITKU CREATE INVOICE ERROR: Validation error
[2025-11-25 21:14:09] [31merror[39m: [ERROR] POST /api/v1/payment - Validation error
[2025-11-25 21:14:09] [31merror[39m: Server error! - Validation error, Stack: Error
    at Query.run (C:\Users\MyBook Hype AMD\Documents\project\sukaaksesnet\node_modules\sequelize\lib\dialects\mysql\query.js:52:25)
    at C:\Users\MyBook Hype AMD\Documents\project\sukaaksesnet\node_modules\sequelize\lib\sequelize.js:315:28
    at process.processTicksAndRejections (node:internal/process/task_queues:105:5)
    at async MySQLQueryInterface.insert (C:\Users\MyBook Hype AMD\Documents\project\sukaaksesnet\node_modules\sequelize\lib\dialects\abstract\query-interface.js:308:21)
    at async PaymentModels.save (C:\Users\MyBook Hype AMD\Documents\project\sukaaksesnet\node_modules\sequelize\lib\model.js:2490:35)
    at async payment.create (C:\Users\MyBook Hype AMD\Documents\project\sukaaksesnet\node_modules\sequelize\lib\model.js:1362:12)
    at async PaymentRepository.createPayment (file:///C:/Users/MyBook%20Hype%20AMD/Documents/project/sukaaksesnet/server/app/repositories/payment.repository.js:8:16)
    at async PaymentServices.postPaymentServices (file:///C:/Users/MyBook%20Hype%20AMD/Documents/project/sukaaksesnet/server/app/services/payment.service.js:60:20)
    at async file:///C:/Users/MyBook%20Hype%20AMD/Documents/project/sukaaksesnet/server/app/controllers/payment.controller.js:14:24
[2025-11-25 21:14:09] [31merror[39m: send Wa Error: Request failed with status code 403
[2025-11-25 21:14:09] [31merror[39m: ‚ùå Unhandled Rejection: Request failed with status code 403
[2025-11-25 21:15:03] [31merror[39m: DUITKU CREATE INVOICE ERROR: notNull Violation: payment.reference cannot be null
[2025-11-25 21:15:03] [31merror[39m: [ERROR] POST /api/v1/payment - notNull Violation: payment.reference cannot be null
[2025-11-25 21:15:03] [31merror[39m: Server error! - notNull Violation: payment.reference cannot be null, Stack: SequelizeValidationError: notNull Violation: payment.reference cannot be null
    at InstanceValidator._validate (C:\Users\MyBook Hype AMD\Documents\project\sukaaksesnet\node_modules\sequelize\lib\instance-validator.js:50:13)
    at process.processTicksAndRejections (node:internal/process/task_queues:105:5)
    at async InstanceValidator._validateAndRunHooks (C:\Users\MyBook Hype AMD\Documents\project\sukaaksesnet\node_modules\sequelize\lib\instance-validator.js:60:7)
    at async InstanceValidator.validate (C:\Users\MyBook Hype AMD\Documents\project\sukaaksesnet\node_modules\sequelize\lib\instance-validator.js:54:12)
    at async PaymentModels.save (C:\Users\MyBook Hype AMD\Documents\project\sukaaksesnet\node_modules\sequelize\lib\model.js:2426:7)
    at async payment.create (C:\Users\MyBook Hype AMD\Documents\project\sukaaksesnet\node_modules\sequelize\lib\model.js:1362:12)
    at async PaymentRepository.createPayment (file:///C:/Users/MyBook%20Hype%20AMD/Documents/project/sukaaksesnet/server/app/repositories/payment.repository.js:8:16)
    at async PaymentServices.postPaymentServices (file:///C:/Users/MyBook%20Hype%20AMD/Documents/project/sukaaksesnet/server/app/services/payment.service.js:60:20)
    at async file:///C:/Users/MyBook%20Hype%20AMD/Documents/project/sukaaksesnet/server/app/controllers/payment.controller.js:14:24
[2025-11-25 21:15:03] [31merror[39m: send Wa Error: Request failed with status code 403
[2025-11-25 21:15:03] [31merror[39m: ‚ùå Unhandled Rejection: Request failed with status code 403
[2025-11-25 21:16:22] [31merror[39m: DUITKU CREATE INVOICE ERROR: notNull Violation: payment.reference cannot be null
[2025-11-25 21:16:22] [31merror[39m: [ERROR] POST /api/v1/payment - notNull Violation: payment.reference cannot be null
[2025-11-25 21:16:22] [31merror[39m: Server error! - notNull Violation: payment.reference cannot be null, Stack: SequelizeValidationError: notNull Violation: payment.reference cannot be null
    at InstanceValidator._validate (C:\Users\MyBook Hype AMD\Documents\project\sukaaksesnet\node_modules\sequelize\lib\instance-validator.js:50:13)
    at process.processTicksAndRejections (node:internal/process/task_queues:105:5)
    at async InstanceValidator._validateAndRunHooks (C:\Users\MyBook Hype AMD\Documents\project\sukaaksesnet\node_modules\sequelize\lib\instance-validator.js:60:7)
    at async InstanceValidator.validate (C:\Users\MyBook Hype AMD\Documents\project\sukaaksesnet\node_modules\sequelize\lib\instance-validator.js:54:12)
    at async PaymentModels.save (C:\Users\MyBook Hype AMD\Documents\project\sukaaksesnet\node_modules\sequelize\lib\model.js:2426:7)
    at async payment.create (C:\Users\MyBook Hype AMD\Documents\project\sukaaksesnet\node_modules\sequelize\lib\model.js:1362:12)
    at async PaymentRepository.createPayment (file:///C:/Users/MyBook%20Hype%20AMD/Documents/project/sukaaksesnet/server/app/repositories/payment.repository.js:8:16)
    at async PaymentServices.postPaymentServices (file:///C:/Users/MyBook%20Hype%20AMD/Documents/project/sukaaksesnet/server/app/services/payment.service.js:60:20)
    at async file:///C:/Users/MyBook%20Hype%20AMD/Documents/project/sukaaksesnet/server/app/controllers/payment.controller.js:14:24
[2025-11-25 21:16:23] [31merror[39m: send Wa Error: Request failed with status code 403
[2025-11-25 21:16:23] [31merror[39m: ‚ùå Unhandled Rejection: Request failed with status code 403
[2025-11-25 21:17:05] [31merror[39m: DUITKU CREATE INVOICE ERROR: Validation error
[2025-11-25 21:17:05] [31merror[39m: [ERROR] POST /api/v1/payment - Validation error
[2025-11-25 21:17:05] [31merror[39m: Server error! - Validation error, Stack: Error
    at Query.run (C:\Users\MyBook Hype AMD\Documents\project\sukaaksesnet\node_modules\sequelize\lib\dialects\mysql\query.js:52:25)
    at C:\Users\MyBook Hype AMD\Documents\project\sukaaksesnet\node_modules\sequelize\lib\sequelize.js:315:28
    at process.processTicksAndRejections (node:internal/process/task_queues:105:5)
    at async MySQLQueryInterface.insert (C:\Users\MyBook Hype AMD\Documents\project\sukaaksesnet\node_modules\sequelize\lib\dialects\abstract\query-interface.js:308:21)
    at async PaymentModels.save (C:\Users\MyBook Hype AMD\Documents\project\sukaaksesnet\node_modules\sequelize\lib\model.js:2490:35)
    at async payment.create (C:\Users\MyBook Hype AMD\Documents\project\sukaaksesnet\node_modules\sequelize\lib\model.js:1362:12)
    at async PaymentRepository.createPayment (file:///C:/Users/MyBook%20Hype%20AMD/Documents/project/sukaaksesnet/server/app/repositories/payment.repository.js:8:16)
    at async PaymentServices.postPaymentServices (file:///C:/Users/MyBook%20Hype%20AMD/Documents/project/sukaaksesnet/server/app/services/payment.service.js:60:20)
    at async file:///C:/Users/MyBook%20Hype%20AMD/Documents/project/sukaaksesnet/server/app/controllers/payment.controller.js:14:24
[2025-11-25 21:17:05] [31merror[39m: send Wa Error: Request failed with status code 403
[2025-11-25 21:17:05] [31merror[39m: ‚ùå Unhandled Rejection: Request failed with status code 403
[2025-11-25 21:17:05] [31merror[39m: DUITKU CREATE INVOICE ERROR: Validation error
[2025-11-25 21:17:05] [31merror[39m: [ERROR] POST /api/v1/payment - Validation error
[2025-11-25 21:17:05] [31merror[39m: Server error! - Validation error, Stack: Error
    at Query.run (C:\Users\MyBook Hype AMD\Documents\project\sukaaksesnet\node_modules\sequelize\lib\dialects\mysql\query.js:52:25)
    at C:\Users\MyBook Hype AMD\Documents\project\sukaaksesnet\node_modules\sequelize\lib\sequelize.js:315:28
    at process.processTicksAndRejections (node:internal/process/task_queues:105:5)
    at async MySQLQueryInterface.insert (C:\Users\MyBook Hype AMD\Documents\project\sukaaksesnet\node_modules\sequelize\lib\dialects\abstract\query-interface.js:308:21)
    at async PaymentModels.save (C:\Users\MyBook Hype AMD\Documents\project\sukaaksesnet\node_modules\sequelize\lib\model.js:2490:35)
    at async payment.create (C:\Users\MyBook Hype AMD\Documents\project\sukaaksesnet\node_modules\sequelize\lib\model.js:1362:12)
    at async PaymentRepository.createPayment (file:///C:/Users/MyBook%20Hype%20AMD/Documents/project/sukaaksesnet/server/app/repositories/payment.repository.js:8:16)
    at async PaymentServices.postPaymentServices (file:///C:/Users/MyBook%20Hype%20AMD/Documents/project/sukaaksesnet/server/app/services/payment.service.js:60:20)
    at async file:///C:/Users/MyBook%20Hype%20AMD/Documents/project/sukaaksesnet/server/app/controllers/payment.controller.js:14:24
[2025-11-25 21:17:05] [31merror[39m: send Wa Error: Request failed with status code 403
[2025-11-25 21:17:05] [31merror[39m: ‚ùå Unhandled Rejection: Request failed with status code 403
[2025-11-25 21:19:55] [31merror[39m: DUITKU CREATE INVOICE ERROR: Validation error
[2025-11-25 21:19:55] [31merror[39m: [ERROR] POST /api/v1/payment - Validation error
[2025-11-25 21:19:55] [31merror[39m: Server error! - Validation error, Stack: Error
    at Query.run (C:\Users\MyBook Hype AMD\Documents\project\sukaaksesnet\node_modules\sequelize\lib\dialects\mysql\query.js:52:25)
    at C:\Users\MyBook Hype AMD\Documents\project\sukaaksesnet\node_modules\sequelize\lib\sequelize.js:315:28
    at process.processTicksAndRejections (node:internal/process/task_queues:105:5)
    at async MySQLQueryInterface.insert (C:\Users\MyBook Hype AMD\Documents\project\sukaaksesnet\node_modules\sequelize\lib\dialects\abstract\query-interface.js:308:21)
    at async PaymentModels.save (C:\Users\MyBook Hype AMD\Documents\project\sukaaksesnet\node_modules\sequelize\lib\model.js:2490:35)
    at async payment.create (C:\Users\MyBook Hype AMD\Documents\project\sukaaksesnet\node_modules\sequelize\lib\model.js:1362:12)
    at async PaymentRepository.createPayment (file:///C:/Users/MyBook%20Hype%20AMD/Documents/project/sukaaksesnet/server/app/repositories/payment.repository.js:8:16)
    at async PaymentServices.postPaymentServices (file:///C:/Users/MyBook%20Hype%20AMD/Documents/project/sukaaksesnet/server/app/services/payment.service.js:60:20)
    at async file:///C:/Users/MyBook%20Hype%20AMD/Documents/project/sukaaksesnet/server/app/controllers/payment.controller.js:13:24
[2025-11-25 21:19:55] [31merror[39m: send Wa Error: Request failed with status code 403
[2025-11-25 21:19:55] [31merror[39m: ‚ùå Unhandled Rejection: Request failed with status code 403
[2025-11-25 21:20:37] [31merror[39m: DUITKU CREATE INVOICE ERROR: Validation error
[2025-11-25 21:20:37] [31merror[39m: [ERROR] POST /api/v1/payment - Validation error
[2025-11-25 21:20:37] [31merror[39m: Server error! - Validation error, Stack: Error
    at Query.run (C:\Users\MyBook Hype AMD\Documents\project\sukaaksesnet\node_modules\sequelize\lib\dialects\mysql\query.js:52:25)
    at C:\Users\MyBook Hype AMD\Documents\project\sukaaksesnet\node_modules\sequelize\lib\sequelize.js:315:28
    at process.processTicksAndRejections (node:internal/process/task_queues:105:5)
    at async MySQLQueryInterface.insert (C:\Users\MyBook Hype AMD\Documents\project\sukaaksesnet\node_modules\sequelize\lib\dialects\abstract\query-interface.js:308:21)
    at async PaymentModels.save (C:\Users\MyBook Hype AMD\Documents\project\sukaaksesnet\node_modules\sequelize\lib\model.js:2490:35)
    at async payment.create (C:\Users\MyBook Hype AMD\Documents\project\sukaaksesnet\node_modules\sequelize\lib\model.js:1362:12)
    at async PaymentRepository.createPayment (file:///C:/Users/MyBook%20Hype%20AMD/Documents/project/sukaaksesnet/server/app/repositories/payment.repository.js:8:16)
    at async PaymentServices.postPaymentServices (file:///C:/Users/MyBook%20Hype%20AMD/Documents/project/sukaaksesnet/server/app/services/payment.service.js:60:20)
    at async file:///C:/Users/MyBook%20Hype%20AMD/Documents/project/sukaaksesnet/server/app/controllers/payment.controller.js:13:24
[2025-11-25 21:20:37] [31merror[39m: send Wa Error: Request failed with status code 403
[2025-11-25 21:20:37] [31merror[39m: ‚ùå Unhandled Rejection: Request failed with status code 403
[2025-11-25 21:21:32] [31merror[39m: send Wa Error: Request failed with status code 403
[2025-11-25 21:21:32] [31merror[39m: ‚ùå Unhandled Rejection: Request failed with status code 403
[2025-11-25 21:21:35] [31merror[39m: send Wa Error: Request failed with status code 403
[2025-11-25 21:21:35] [31merror[39m: ‚ùå Unhandled Rejection: Request failed with status code 403
[2025-11-25 21:22:09] [31merror[39m: send Wa Error: Request failed with status code 403
[2025-11-25 21:22:09] [31merror[39m: ‚ùå Unhandled Rejection: Request failed with status code 403
[2025-11-25 21:34:53] [31merror[39m: send Wa Error: Request failed with status code 403
[2025-11-25 21:34:53] [31merror[39m: ‚ùå Unhandled Rejection: Request failed with status code 403
[2025-11-25 22:53:55] [31merror[39m: CALLBACK ERROR: Invalid value { merchant_order_id: 'SAN-1763916126015-34290' }
[2025-11-25 22:54:36] [31merror[39m: CALLBACK ERROR: Invalid value { merchant_order_id: 'SAN-1764085521303-55667' }
[2025-11-25 22:54:37] [31merror[39m: CALLBACK ERROR: Invalid value { merchant_order_id: 'SAN-1764085521303-55667' }
[2025-11-25 22:54:53] [31merror[39m: CALLBACK ERROR: Invalid value { merchant_order_id: 'SAN-1764085521303-55667' }
[2025-11-25 22:54:53] [31merror[39m: CALLBACK ERROR: Invalid value { merchant_order_id: 'SAN-1764085521303-55667' }
[2025-11-25 22:54:57] [31merror[39m: CALLBACK ERROR: Invalid value { merchant_order_id: 'SAN-1764085521303-55667' }
[2025-11-25 22:54:58] [31merror[39m: CALLBACK ERROR: Invalid value { merchant_order_id: 'SAN-1764085521303-55667' }
[2025-11-25 22:54:59] [31merror[39m: CALLBACK ERROR: Invalid value { merchant_order_id: 'SAN-1764085521303-55667' }
[2025-11-25 22:54:59] [31merror[39m: CALLBACK ERROR: Invalid value { merchant_order_id: 'SAN-1764085521303-55667' }
[2025-11-25 22:54:59] [31merror[39m: CALLBACK ERROR: Invalid value { merchant_order_id: 'SAN-1764085521303-55667' }
[2025-11-25 22:54:59] [31merror[39m: CALLBACK ERROR: Invalid value { merchant_order_id: 'SAN-1764085521303-55667' }
[2025-11-25 22:54:59] [31merror[39m: CALLBACK ERROR: Invalid value { merchant_order_id: 'SAN-1764085521303-55667' }
[2025-11-25 22:55:46] [31merror[39m: CALLBACK ERROR: Invalid value { merchant_order_id: 'SAN-1764085521303-55667' }
[2025-11-25 22:55:49] [31merror[39m: CALLBACK ERROR: Invalid value { merchant_order_id: 'SAN-1764085521303-55667' }
[2025-11-25 22:56:23] [31merror[39m: CALLBACK ERROR: Unknown column 'payment.merchantCodeId' in 'where clause'
[2025-11-25 22:56:46] [31merror[39m: CALLBACK ERROR: Invalid value { merchant_order_id: 'SAN-1764085521303-55667' }
[2025-11-25 22:56:47] [31merror[39m: CALLBACK ERROR: Invalid value { merchant_order_id: 'SAN-1764085521303-55667' }
[2025-11-25 22:56:47] [31merror[39m: CALLBACK ERROR: Invalid value { merchant_order_id: 'SAN-1764085521303-55667' }
[2025-11-25 22:56:55] [31merror[39m: CALLBACK ERROR: Unknown column 'payment.merchantCodeId' in 'where clause'
[2025-11-25 23:00:31] [31merror[39m: CALLBACK ERROR: this.paymentrepository.findByMerchantOrderId is not a function
[2025-11-25 23:02:17] [31merror[39m: ‚ùå INVALID INTERNAL JWT
[2025-11-25 23:02:29] [31merror[39m: ‚ùå INVALID INTERNAL JWT
[2025-11-25 23:02:55] [31merror[39m: ‚ùå INVALID INTERNAL JWT
[2025-11-25 23:03:57] [31merror[39m: ‚ùå INVALID INTERNAL JWT
[2025-11-25 23:03:59] [31merror[39m: ‚ùå INVALID INTERNAL JWT
[2025-11-25 23:04:00] [31merror[39m: ‚ùå INVALID INTERNAL JWT
[2025-11-25 23:04:23] [31merror[39m: ‚ùå INVALID INTERNAL JWT
[2025-11-25 23:05:22] [31merror[39m: DUITKU CREATE INVOICE ERROR: "expiresIn" should be a number of seconds or string representing a timespan eg: "1d", "20h", 60
[2025-11-25 23:05:22] [31merror[39m: [ERROR] POST /api/v1/payment - "expiresIn" should be a number of seconds or string representing a timespan eg: "1d", "20h", 60
[2025-11-25 23:05:22] [31merror[39m: Server error! - "expiresIn" should be a number of seconds or string representing a timespan eg: "1d", "20h", 60, Stack: Error: "expiresIn" should be a number of seconds or string representing a timespan eg: "1d", "20h", 60
    at module.exports [as sign] (C:\Users\MyBook Hype AMD\Documents\project\sukaaksesnet\node_modules\jsonwebtoken\sign.js:213:22)
    at payMent (file:///C:/Users/MyBook%20Hype%20AMD/Documents/project/sukaaksesnet/server/utils/payment.js:5:14)
    at PaymentServices.postPaymentServices (file:///C:/Users/MyBook%20Hype%20AMD/Documents/project/sukaaksesnet/server/app/services/payment.service.js:57:32)
    at process.processTicksAndRejections (node:internal/process/task_queues:105:5)
    at async file:///C:/Users/MyBook%20Hype%20AMD/Documents/project/sukaaksesnet/server/app/controllers/payment.controller.js:13:24
[2025-11-25 23:05:34] [31merror[39m: DUITKU CREATE INVOICE ERROR: "expiresIn" should be a number of seconds or string representing a timespan eg: "1d", "20h", 60
[2025-11-25 23:05:34] [31merror[39m: [ERROR] POST /api/v1/payment - "expiresIn" should be a number of seconds or string representing a timespan eg: "1d", "20h", 60
[2025-11-25 23:05:34] [31merror[39m: Server error! - "expiresIn" should be a number of seconds or string representing a timespan eg: "1d", "20h", 60, Stack: Error: "expiresIn" should be a number of seconds or string representing a timespan eg: "1d", "20h", 60
    at module.exports [as sign] (C:\Users\MyBook Hype AMD\Documents\project\sukaaksesnet\node_modules\jsonwebtoken\sign.js:213:22)
    at payMent (file:///C:/Users/MyBook%20Hype%20AMD/Documents/project/sukaaksesnet/server/utils/payment.js:5:14)
    at PaymentServices.postPaymentServices (file:///C:/Users/MyBook%20Hype%20AMD/Documents/project/sukaaksesnet/server/app/services/payment.service.js:57:32)
    at process.processTicksAndRejections (node:internal/process/task_queues:105:5)
    at async file:///C:/Users/MyBook%20Hype%20AMD/Documents/project/sukaaksesnet/server/app/controllers/payment.controller.js:13:24
[2025-11-25 23:06:29] [31merror[39m: ‚ùå INVALID INTERNAL JWT
[2025-11-25 23:09:42] [31merror[39m: ‚ùå INVALID INTERNAL JWT
[2025-11-25 23:09:45] [31merror[39m: ‚ùå INVALID INTERNAL JWT
[2025-11-25 23:12:13] [31merror[39m: ‚ùå INVALID INTERNAL JWT
[2025-11-25 23:12:13] [31merror[39m: ‚ùå INVALID INTERNAL JWT
[2025-11-25 23:14:29] [31merror[39m: ‚ùå INVALID INTERNAL JWT
[2025-11-25 23:14:30] [31merror[39m: ‚ùå INVALID INTERNAL JWT
[2025-11-25 23:16:14] [31merror[39m: ‚ùå INVALID INTERNAL JWT
[2025-11-25 23:19:47] [31merror[39m: ‚ùå INVALID INTERNAL JWT
[2025-11-25 23:19:49] [31merror[39m: ‚ùå INVALID INTERNAL JWT
[2025-11-25 23:20:09] [31merror[39m: ‚ùå INVALID INTERNAL JWT
[2025-11-25 23:22:39] [31merror[39m: CALLBACK ERROR: resultCode is not defined
[2025-11-25 23:30:47] [31merror[39m: ‚ùå INVALID INTERNAL JWT
[2025-11-25 23:33:07] [31merror[39m: ‚ùå INVALID INTERNAL JWT
[2025-11-25 23:39:13] [31merror[39m: ‚ùå INVALID INTERNAL JWT
[2025-11-25 23:41:01] [31merror[39m: ‚ùå INVALID INTERNAL JWT
[2025-11-26 22:40:51] [31merror[39m: ‚ùå Unhandled Rejection: Cannot read properties of undefined (reading 'navbar')
[2025-11-26 22:40:55] [31merror[39m: ‚ùå Unhandled Rejection: Cannot read properties of undefined (reading 'navbar')
[2025-11-26 22:42:45] [31merror[39m: ‚ùå Unhandled Rejection: @slot tag must appear as top level tag inside the @component tag
[2025-11-26 22:43:31] [31merror[39m: ‚ùå Unhandled Rejection: Cannot resolve "C:\Users\MyBook Hype AMD\Documents\project\sukaaksesnet\views\components\navbar-main.edge". Make sure the file exists
[2025-11-26 22:43:34] [31merror[39m: ‚ùå Unhandled Rejection: Cannot resolve "C:\Users\MyBook Hype AMD\Documents\project\sukaaksesnet\views\components\navbar-main.edge". Make sure the file exists
[2025-11-26 22:44:16] [31merror[39m: ‚ùå Unhandled Rejection: Cannot resolve "C:\Users\MyBook Hype AMD\Documents\project\sukaaksesnet\views\components\navbar-main.edge". Make sure the file exists
[2025-11-27 18:47:43] [31merror[39m: ‚ùå Unhandled Rejection: Cannot resolve "C:\Users\MyBook Hype AMD\Documents\project\sukaaksesnet\views\components\navbar-main.edge". Make sure the file exists
[2025-11-27 18:52:08] [31merror[39m: ‚ùå Unhandled Rejection: Cannot resolve "C:\Users\MyBook Hype AMD\Documents\project\sukaaksesnet\views\components\navbar-main.edge". Make sure the file exists
[2025-11-27 19:08:01] [31merror[39m: ‚ùå Unhandled Rejection: Cannot resolve "C:\Users\MyBook Hype AMD\Documents\project\sukaaksesnet\components\head.edge". Make sure the file exists
